<?xml version="1.0" encoding="UTF-8"?>
<testng-results skipped="0" failed="0" ignored="0" total="1" passed="1">
  <reporter-output>
  </reporter-output>
  <suite name="Default suite" duration-ms="32408" started-at="2019-08-05T07:33:28Z" finished-at="2019-08-05T07:34:01Z">
    <groups>
    </groups>
    <test name="Default test" duration-ms="32408" started-at="2019-08-05T07:33:28Z" finished-at="2019-08-05T07:34:01Z">
      <class name="com.spade.tescases.RegistrationTest">
        <test-method status="PASS" signature="loginintomotorTest()[pri:0, instance:com.spade.tescases.RegistrationTest@6f7fd0e6]" name="loginintomotorTest" is-config="true" duration-ms="12275" started-at="2019-08-05T07:33:28Z" finished-at="2019-08-05T07:33:41Z">
          <reporter-output>
          </reporter-output>
        </test-method> <!-- loginintomotorTest -->
        <test-method status="PASS" signature="registration()[pri:1, instance:com.spade.tescases.RegistrationTest@6f7fd0e6]" name="registration" duration-ms="14085" started-at="2019-08-05T07:33:41Z" finished-at="2019-08-05T07:33:55Z">
          <reporter-output>
          </reporter-output>
        </test-method> <!-- registration -->
        <test-method status="PASS" signature="close()[pri:0, instance:com.spade.tescases.RegistrationTest@6f7fd0e6]" name="close" is-config="true" duration-ms="5920" started-at="2019-08-05T07:33:55Z" finished-at="2019-08-05T07:34:01Z">
          <reporter-output>
          </reporter-output>
        </test-method> <!-- close -->
      </class> <!-- com.spade.tescases.RegistrationTest -->
    </test> <!-- Default test -->
  </suite> <!-- Default suite -->
</testng-results>
