<?xml version="1.0" encoding="UTF-8"?>
<!-- Generated by org.testng.reporters.JUnitXMLReporter -->
<testsuite hostname="DSIPL04" ignored="0" name="motor Application Test Automation  Test Cases" tests="4" failures="1" timestamp="23 Jul 2019 06:56:50 GMT" time="30.246" errors="0">
  <testcase name="@AfterMethod closebrowser" time="0.005" classname="com.spade.tescases.LoginTest">
    <failure type="java.lang.StackOverflowError">
      <![CDATA[java.lang.StackOverflowError
at com.spade.tescases.LoginTest.closebrowser(LoginTest.java:28)
at com.spade.tescases.LoginTest.closebrowser(LoginTest.java:28)
at com.spade.tescases.LoginTest.closebrowser(LoginTest.java:28)
at com.spade.tescases.LoginTest.closebrowser(LoginTest.java:28)
at com.spade.tescases.LoginTest.closebrowser(LoginTest.java:28)
at com.spade.tescases.LoginTest.closebrowser(LoginTest.java:28)
at com.spade.tescases.LoginTest.closebrowser(LoginTest.java:28)
at com.spade.tescases.LoginTest.closebrowser(LoginTest.java:28)
at com.spade.tescases.LoginTest.closebrowser(LoginTest.java:28)
at com.spade.tescases.LoginTest.closebrowser(LoginTest.java:28)
at com.spade.tescases.LoginTest.closebrowser(LoginTest.java:28)
at com.spade.tescases.LoginTest.closebrowser(LoginTest.java:28)
at com.spade.tescases.LoginTest.closebrowser(LoginTest.java:28)
at com.spade.tescases.LoginTest.closebrowser(LoginTest.java:28)
at com.spade.tescases.LoginTest.closebrowser(LoginTest.java:28)
at com.spade.tescases.LoginTest.closebrowser(LoginTest.java:28)
at com.spade.tescases.LoginTest.closebrowser(LoginTest.java:28)
at com.spade.tescases.LoginTest.closebrowser(LoginTest.java:28)
at com.spade.tescases.LoginTest.closebrowser(LoginTest.java:28)
at com.spade.tescases.LoginTest.closebrowser(LoginTest.java:28)
at com.spade.tescases.LoginTest.closebrowser(LoginTest.java:28)
at com.spade.tescases.LoginTest.closebrowser(LoginTest.java:28)
at com.spade.tescases.LoginTest.closebrowser(LoginTest.java:28)
at com.spade.tescases.LoginTest.closebrowser(LoginTest.java:28)
at com.spade.tescases.LoginTest.closebrowser(LoginTest.java:28)
at com.spade.tescases.LoginTest.closebrowser(LoginTest.java:28)
at com.spade.tescases.LoginTest.closebrowser(LoginTest.java:28)
at com.spade.tescases.LoginTest.closebrowser(LoginTest.java:28)
at com.spade.tescases.LoginTest.closebrowser(LoginTest.java:28)
at com.spade.tescases.LoginTest.closebrowser(LoginTest.java:28)
at com.spade.tescases.LoginTest.closebrowser(LoginTest.java:28)
at com.spade.tescases.LoginTest.closebrowser(LoginTest.java:28)
at com.spade.tescases.LoginTest.closebrowser(LoginTest.java:28)
at com.spade.tescases.LoginTest.closebrowser(LoginTest.java:28)
at com.spade.tescases.LoginTest.closebrowser(LoginTest.java:28)
at com.spade.tescases.LoginTest.closebrowser(LoginTest.java:28)
at com.spade.tescases.LoginTest.closebrowser(LoginTest.java:28)
at com.spade.tescases.LoginTest.closebrowser(LoginTest.java:28)
at com.spade.tescases.LoginTest.closebrowser(LoginTest.java:28)
at com.spade.tescases.LoginTest.closebrowser(LoginTest.java:28)
at com.spade.tescases.LoginTest.closebrowser(LoginTest.java:28)
at com.spade.tescases.LoginTest.closebrowser(LoginTest.java:28)
at com.spade.tescases.LoginTest.closebrowser(LoginTest.java:28)
at com.spade.tescases.LoginTest.closebrowser(LoginTest.java:28)
at com.spade.tescases.LoginTest.closebrowser(LoginTest.java:28)
at com.spade.tescases.LoginTest.closebrowser(LoginTest.java:28)
at com.spade.tescases.LoginTest.closebrowser(LoginTest.java:28)
at com.spade.tescases.LoginTest.closebrowser(LoginTest.java:28)
at com.spade.tescases.LoginTest.closebrowser(LoginTest.java:28)
at com.spade.tescases.LoginTest.closebrowser(LoginTest.java:28)
at com.spade.tescases.LoginTest.closebrowser(LoginTest.java:28)
at com.spade.tescases.LoginTest.closebrowser(LoginTest.java:28)
at com.spade.tescases.LoginTest.closebrowser(LoginTest.java:28)
at com.spade.tescases.LoginTest.closebrowser(LoginTest.java:28)
at com.spade.tescases.LoginTest.closebrowser(LoginTest.java:28)
at com.spade.tescases.LoginTest.closebrowser(LoginTest.java:28)
at com.spade.tescases.LoginTest.closebrowser(LoginTest.java:28)
at com.spade.tescases.LoginTest.closebrowser(LoginTest.java:28)
at com.spade.tescases.LoginTest.closebrowser(LoginTest.java:28)
at com.spade.tescases.LoginTest.closebrowser(LoginTest.java:28)
at com.spade.tescases.LoginTest.closebrowser(LoginTest.java:28)
at com.spade.tescases.LoginTest.closebrowser(LoginTest.java:28)
at com.spade.tescases.LoginTest.closebrowser(LoginTest.java:28)
at com.spade.tescases.LoginTest.closebrowser(LoginTest.java:28)
at com.spade.tescases.LoginTest.closebrowser(LoginTest.java:28)
at com.spade.tescases.LoginTest.closebrowser(LoginTest.java:28)
at com.spade.tescases.LoginTest.closebrowser(LoginTest.java:28)
at com.spade.tescases.LoginTest.closebrowser(LoginTest.java:28)
at com.spade.tescases.LoginTest.closebrowser(LoginTest.java:28)
at com.spade.tescases.LoginTest.closebrowser(LoginTest.java:28)
at com.spade.tescases.LoginTest.closebrowser(LoginTest.java:28)
at com.spade.tescases.LoginTest.closebrowser(LoginTest.java:28)
at com.spade.tescases.LoginTest.closebrowser(LoginTest.java:28)
at com.spade.tescases.LoginTest.closebrowser(LoginTest.java:28)
at com.spade.tescases.LoginTest.closebrowser(LoginTest.java:28)
at com.spade.tescases.LoginTest.closebrowser(LoginTest.java:28)
at com.spade.tescases.LoginTest.closebrowser(LoginTest.java:28)
at com.spade.tescases.LoginTest.closebrowser(LoginTest.java:28)
at com.spade.tescases.LoginTest.closebrowser(LoginTest.java:28)
at com.spade.tescases.LoginTest.closebrowser(LoginTest.java:28)
at com.spade.tescases.LoginTest.closebrowser(LoginTest.java:28)
at com.spade.tescases.LoginTest.closebrowser(LoginTest.java:28)
at com.spade.tescases.LoginTest.closebrowser(LoginTest.java:28)
at com.spade.tescases.LoginTest.closebrowser(LoginTest.java:28)
at com.spade.tescases.LoginTest.closebrowser(LoginTest.java:28)
at com.spade.tescases.LoginTest.closebrowser(LoginTest.java:28)
at com.spade.tescases.LoginTest.closebrowser(LoginTest.java:28)
at com.spade.tescases.LoginTest.closebrowser(LoginTest.java:28)
at com.spade.tescases.LoginTest.closebrowser(LoginTest.java:28)
at com.spade.tescases.LoginTest.closebrowser(LoginTest.java:28)
at com.spade.tescases.LoginTest.closebrowser(LoginTest.java:28)
at com.spade.tescases.LoginTest.closebrowser(LoginTest.java:28)
at com.spade.tescases.LoginTest.closebrowser(LoginTest.java:28)
at com.spade.tescases.LoginTest.closebrowser(LoginTest.java:28)
at com.spade.tescases.LoginTest.closebrowser(LoginTest.java:28)
at com.spade.tescases.LoginTest.closebrowser(LoginTest.java:28)
at com.spade.tescases.LoginTest.closebrowser(LoginTest.java:28)
at com.spade.tescases.LoginTest.closebrowser(LoginTest.java:28)
at com.spade.tescases.LoginTest.closebrowser(LoginTest.java:28)
at com.spade.tescases.LoginTest.closebrowser(LoginTest.java:28)
at com.spade.tescases.LoginTest.closebrowser(LoginTest.java:28)
at com.spade.tescases.LoginTest.closebrowser(LoginTest.java:28)
at com.spade.tescases.LoginTest.closebrowser(LoginTest.java:28)
at com.spade.tescases.LoginTest.closebrowser(LoginTest.java:28)
at com.spade.tescases.LoginTest.closebrowser(LoginTest.java:28)
at com.spade.tescases.LoginTest.closebrowser(LoginTest.java:28)
at com.spade.tescases.LoginTest.closebrowser(LoginTest.java:28)
at com.spade.tescases.LoginTest.closebrowser(LoginTest.java:28)
at com.spade.tescases.LoginTest.closebrowser(LoginTest.java:28)
at com.spade.tescases.LoginTest.closebrowser(LoginTest.java:28)
at com.spade.tescases.LoginTest.closebrowser(LoginTest.java:28)
at com.spade.tescases.LoginTest.closebrowser(LoginTest.java:28)
at com.spade.tescases.LoginTest.closebrowser(LoginTest.java:28)
at com.spade.tescases.LoginTest.closebrowser(LoginTest.java:28)
at com.spade.tescases.LoginTest.closebrowser(LoginTest.java:28)
at com.spade.tescases.LoginTest.closebrowser(LoginTest.java:28)
at com.spade.tescases.LoginTest.closebrowser(LoginTest.java:28)
at com.spade.tescases.LoginTest.closebrowser(LoginTest.java:28)
at com.spade.tescases.LoginTest.closebrowser(LoginTest.java:28)
at com.spade.tescases.LoginTest.closebrowser(LoginTest.java:28)
at com.spade.tescases.LoginTest.closebrowser(LoginTest.java:28)
at com.spade.tescases.LoginTest.closebrowser(LoginTest.java:28)
at com.spade.tescases.LoginTest.closebrowser(LoginTest.java:28)
at com.spade.tescases.LoginTest.closebrowser(LoginTest.java:28)
at com.spade.tescases.LoginTest.closebrowser(LoginTest.java:28)
at com.spade.tescases.LoginTest.closebrowser(LoginTest.java:28)
at com.spade.tescases.LoginTest.closebrowser(LoginTest.java:28)
at com.spade.tescases.LoginTest.closebrowser(LoginTest.java:28)
at com.spade.tescases.LoginTest.closebrowser(LoginTest.java:28)
at com.spade.tescases.LoginTest.closebrowser(LoginTest.java:28)
at com.spade.tescases.LoginTest.closebrowser(LoginTest.java:28)
at com.spade.tescases.LoginTest.closebrowser(LoginTest.java:28)
at com.spade.tescases.LoginTest.closebrowser(LoginTest.java:28)
at com.spade.tescases.LoginTest.closebrowser(LoginTest.java:28)
at com.spade.tescases.LoginTest.closebrowser(LoginTest.java:28)
at com.spade.tescases.LoginTest.closebrowser(LoginTest.java:28)
at com.spade.tescases.LoginTest.closebrowser(LoginTest.java:28)
at com.spade.tescases.LoginTest.closebrowser(LoginTest.java:28)
at com.spade.tescases.LoginTest.closebrowser(LoginTest.java:28)
at com.spade.tescases.LoginTest.closebrowser(LoginTest.java:28)
at com.spade.tescases.LoginTest.closebrowser(LoginTest.java:28)
at com.spade.tescases.LoginTest.closebrowser(LoginTest.java:28)
at com.spade.tescases.LoginTest.closebrowser(LoginTest.java:28)
at com.spade.tescases.LoginTest.closebrowser(LoginTest.java:28)
at com.spade.tescases.LoginTest.closebrowser(LoginTest.java:28)
at com.spade.tescases.LoginTest.closebrowser(LoginTest.java:28)
at com.spade.tescases.LoginTest.closebrowser(LoginTest.java:28)
at com.spade.tescases.LoginTest.closebrowser(LoginTest.java:28)
at com.spade.tescases.LoginTest.closebrowser(LoginTest.java:28)
at com.spade.tescases.LoginTest.closebrowser(LoginTest.java:28)
at com.spade.tescases.LoginTest.closebrowser(LoginTest.java:28)
at com.spade.tescases.LoginTest.closebrowser(LoginTest.java:28)
at com.spade.tescases.LoginTest.closebrowser(LoginTest.java:28)
at com.spade.tescases.LoginTest.closebrowser(LoginTest.java:28)
at com.spade.tescases.LoginTest.closebrowser(LoginTest.java:28)
at com.spade.tescases.LoginTest.closebrowser(LoginTest.java:28)
at com.spade.tescases.LoginTest.closebrowser(LoginTest.java:28)
at com.spade.tescases.LoginTest.closebrowser(LoginTest.java:28)
at com.spade.tescases.LoginTest.closebrowser(LoginTest.java:28)
at com.spade.tescases.LoginTest.closebrowser(LoginTest.java:28)
at com.spade.tescases.LoginTest.closebrowser(LoginTest.java:28)
at com.spade.tescases.LoginTest.closebrowser(LoginTest.java:28)
at com.spade.tescases.LoginTest.closebrowser(LoginTest.java:28)
at com.spade.tescases.LoginTest.closebrowser(LoginTest.java:28)
at com.spade.tescases.LoginTest.closebrowser(LoginTest.java:28)
at com.spade.tescases.LoginTest.closebrowser(LoginTest.java:28)
at com.spade.tescases.LoginTest.closebrowser(LoginTest.java:28)
at com.spade.tescases.LoginTest.closebrowser(LoginTest.java:28)
at com.spade.tescases.LoginTest.closebrowser(LoginTest.java:28)
at com.spade.tescases.LoginTest.closebrowser(LoginTest.java:28)
at com.spade.tescases.LoginTest.closebrowser(LoginTest.java:28)
at com.spade.tescases.LoginTest.closebrowser(LoginTest.java:28)
at com.spade.tescases.LoginTest.closebrowser(LoginTest.java:28)
at com.spade.tescases.LoginTest.closebrowser(LoginTest.java:28)
at com.spade.tescases.LoginTest.closebrowser(LoginTest.java:28)
at com.spade.tescases.LoginTest.closebrowser(LoginTest.java:28)
at com.spade.tescases.LoginTest.closebrowser(LoginTest.java:28)
at com.spade.tescases.LoginTest.closebrowser(LoginTest.java:28)
at com.spade.tescases.LoginTest.closebrowser(LoginTest.java:28)
at com.spade.tescases.LoginTest.closebrowser(LoginTest.java:28)
at com.spade.tescases.LoginTest.closebrowser(LoginTest.java:28)
at com.spade.tescases.LoginTest.closebrowser(LoginTest.java:28)
at com.spade.tescases.LoginTest.closebrowser(LoginTest.java:28)
at com.spade.tescases.LoginTest.closebrowser(LoginTest.java:28)
at com.spade.tescases.LoginTest.closebrowser(LoginTest.java:28)
at com.spade.tescases.LoginTest.closebrowser(LoginTest.java:28)
at com.spade.tescases.LoginTest.closebrowser(LoginTest.java:28)
at com.spade.tescases.LoginTest.closebrowser(LoginTest.java:28)
at com.spade.tescases.LoginTest.closebrowser(LoginTest.java:28)
at com.spade.tescases.LoginTest.closebrowser(LoginTest.java:28)
at com.spade.tescases.LoginTest.closebrowser(LoginTest.java:28)
at com.spade.tescases.LoginTest.closebrowser(LoginTest.java:28)
at com.spade.tescases.LoginTest.closebrowser(LoginTest.java:28)
at com.spade.tescases.LoginTest.closebrowser(LoginTest.java:28)
at com.spade.tescases.LoginTest.closebrowser(LoginTest.java:28)
at com.spade.tescases.LoginTest.closebrowser(LoginTest.java:28)
at com.spade.tescases.LoginTest.closebrowser(LoginTest.java:28)
at com.spade.tescases.LoginTest.closebrowser(LoginTest.java:28)
at com.spade.tescases.LoginTest.closebrowser(LoginTest.java:28)
at com.spade.tescases.LoginTest.closebrowser(LoginTest.java:28)
at com.spade.tescases.LoginTest.closebrowser(LoginTest.java:28)
at com.spade.tescases.LoginTest.closebrowser(LoginTest.java:28)
at com.spade.tescases.LoginTest.closebrowser(LoginTest.java:28)
at com.spade.tescases.LoginTest.closebrowser(LoginTest.java:28)
at com.spade.tescases.LoginTest.closebrowser(LoginTest.java:28)
at com.spade.tescases.LoginTest.closebrowser(LoginTest.java:28)
at com.spade.tescases.LoginTest.closebrowser(LoginTest.java:28)
at com.spade.tescases.LoginTest.closebrowser(LoginTest.java:28)
at com.spade.tescases.LoginTest.closebrowser(LoginTest.java:28)
at com.spade.tescases.LoginTest.closebrowser(LoginTest.java:28)
at com.spade.tescases.LoginTest.closebrowser(LoginTest.java:28)
at com.spade.tescases.LoginTest.closebrowser(LoginTest.java:28)
at com.spade.tescases.LoginTest.closebrowser(LoginTest.java:28)
at com.spade.tescases.LoginTest.closebrowser(LoginTest.java:28)
at com.spade.tescases.LoginTest.closebrowser(LoginTest.java:28)
at com.spade.tescases.LoginTest.closebrowser(LoginTest.java:28)
at com.spade.tescases.LoginTest.closebrowser(LoginTest.java:28)
at com.spade.tescases.LoginTest.closebrowser(LoginTest.java:28)
at com.spade.tescases.LoginTest.closebrowser(LoginTest.java:28)
at com.spade.tescases.LoginTest.closebrowser(LoginTest.java:28)
at com.spade.tescases.LoginTest.closebrowser(LoginTest.java:28)
at com.spade.tescases.LoginTest.closebrowser(LoginTest.java:28)
at com.spade.tescases.LoginTest.closebrowser(LoginTest.java:28)
at com.spade.tescases.LoginTest.closebrowser(LoginTest.java:28)
at com.spade.tescases.LoginTest.closebrowser(LoginTest.java:28)
at com.spade.tescases.LoginTest.closebrowser(LoginTest.java:28)
at com.spade.tescases.LoginTest.closebrowser(LoginTest.java:28)
at com.spade.tescases.LoginTest.closebrowser(LoginTest.java:28)
at com.spade.tescases.LoginTest.closebrowser(LoginTest.java:28)
at com.spade.tescases.LoginTest.closebrowser(LoginTest.java:28)
at com.spade.tescases.LoginTest.closebrowser(LoginTest.java:28)
at com.spade.tescases.LoginTest.closebrowser(LoginTest.java:28)
at com.spade.tescases.LoginTest.closebrowser(LoginTest.java:28)
at com.spade.tescases.LoginTest.closebrowser(LoginTest.java:28)
at com.spade.tescases.LoginTest.closebrowser(LoginTest.java:28)
at com.spade.tescases.LoginTest.closebrowser(LoginTest.java:28)
at com.spade.tescases.LoginTest.closebrowser(LoginTest.java:28)
at com.spade.tescases.LoginTest.closebrowser(LoginTest.java:28)
at com.spade.tescases.LoginTest.closebrowser(LoginTest.java:28)
at com.spade.tescases.LoginTest.closebrowser(LoginTest.java:28)
at com.spade.tescases.LoginTest.closebrowser(LoginTest.java:28)
at com.spade.tescases.LoginTest.closebrowser(LoginTest.java:28)
at com.spade.tescases.LoginTest.closebrowser(LoginTest.java:28)
at com.spade.tescases.LoginTest.closebrowser(LoginTest.java:28)
at com.spade.tescases.LoginTest.closebrowser(LoginTest.java:28)
at com.spade.tescases.LoginTest.closebrowser(LoginTest.java:28)
at com.spade.tescases.LoginTest.closebrowser(LoginTest.java:28)
at com.spade.tescases.LoginTest.closebrowser(LoginTest.java:28)
at com.spade.tescases.LoginTest.closebrowser(LoginTest.java:28)
at com.spade.tescases.LoginTest.closebrowser(LoginTest.java:28)
at com.spade.tescases.LoginTest.closebrowser(LoginTest.java:28)
at com.spade.tescases.LoginTest.closebrowser(LoginTest.java:28)
at com.spade.tescases.LoginTest.closebrowser(LoginTest.java:28)
at com.spade.tescases.LoginTest.closebrowser(LoginTest.java:28)
at com.spade.tescases.LoginTest.closebrowser(LoginTest.java:28)
at com.spade.tescases.LoginTest.closebrowser(LoginTest.java:28)
at com.spade.tescases.LoginTest.closebrowser(LoginTest.java:28)
at com.spade.tescases.LoginTest.closebrowser(LoginTest.java:28)
at com.spade.tescases.LoginTest.closebrowser(LoginTest.java:28)
at com.spade.tescases.LoginTest.closebrowser(LoginTest.java:28)
at com.spade.tescases.LoginTest.closebrowser(LoginTest.java:28)
at com.spade.tescases.LoginTest.closebrowser(LoginTest.java:28)
at com.spade.tescases.LoginTest.closebrowser(LoginTest.java:28)
at com.spade.tescases.LoginTest.closebrowser(LoginTest.java:28)
at com.spade.tescases.LoginTest.closebrowser(LoginTest.java:28)
at com.spade.tescases.LoginTest.closebrowser(LoginTest.java:28)
at com.spade.tescases.LoginTest.closebrowser(LoginTest.java:28)
at com.spade.tescases.LoginTest.closebrowser(LoginTest.java:28)
at com.spade.tescases.LoginTest.closebrowser(LoginTest.java:28)
at com.spade.tescases.LoginTest.closebrowser(LoginTest.java:28)
at com.spade.tescases.LoginTest.closebrowser(LoginTest.java:28)
at com.spade.tescases.LoginTest.closebrowser(LoginTest.java:28)
at com.spade.tescases.LoginTest.closebrowser(LoginTest.java:28)
at com.spade.tescases.LoginTest.closebrowser(LoginTest.java:28)
at com.spade.tescases.LoginTest.closebrowser(LoginTest.java:28)
at com.spade.tescases.LoginTest.closebrowser(LoginTest.java:28)
at com.spade.tescases.LoginTest.closebrowser(LoginTest.java:28)
at com.spade.tescases.LoginTest.closebrowser(LoginTest.java:28)
at com.spade.tescases.LoginTest.closebrowser(LoginTest.java:28)
at com.spade.tescases.LoginTest.closebrowser(LoginTest.java:28)
at com.spade.tescases.LoginTest.closebrowser(LoginTest.java:28)
at com.spade.tescases.LoginTest.closebrowser(LoginTest.java:28)
at com.spade.tescases.LoginTest.closebrowser(LoginTest.java:28)
at com.spade.tescases.LoginTest.closebrowser(LoginTest.java:28)
at com.spade.tescases.LoginTest.closebrowser(LoginTest.java:28)
at com.spade.tescases.LoginTest.closebrowser(LoginTest.java:28)
at com.spade.tescases.LoginTest.closebrowser(LoginTest.java:28)
at com.spade.tescases.LoginTest.closebrowser(LoginTest.java:28)
at com.spade.tescases.LoginTest.closebrowser(LoginTest.java:28)
at com.spade.tescases.LoginTest.closebrowser(LoginTest.java:28)
at com.spade.tescases.LoginTest.closebrowser(LoginTest.java:28)
at com.spade.tescases.LoginTest.closebrowser(LoginTest.java:28)
at com.spade.tescases.LoginTest.closebrowser(LoginTest.java:28)
at com.spade.tescases.LoginTest.closebrowser(LoginTest.java:28)
at com.spade.tescases.LoginTest.closebrowser(LoginTest.java:28)
at com.spade.tescases.LoginTest.closebrowser(LoginTest.java:28)
at com.spade.tescases.LoginTest.closebrowser(LoginTest.java:28)
at com.spade.tescases.LoginTest.closebrowser(LoginTest.java:28)
at com.spade.tescases.LoginTest.closebrowser(LoginTest.java:28)
at com.spade.tescases.LoginTest.closebrowser(LoginTest.java:28)
at com.spade.tescases.LoginTest.closebrowser(LoginTest.java:28)
at com.spade.tescases.LoginTest.closebrowser(LoginTest.java:28)
at com.spade.tescases.LoginTest.closebrowser(LoginTest.java:28)
at com.spade.tescases.LoginTest.closebrowser(LoginTest.java:28)
at com.spade.tescases.LoginTest.closebrowser(LoginTest.java:28)
at com.spade.tescases.LoginTest.closebrowser(LoginTest.java:28)
at com.spade.tescases.LoginTest.closebrowser(LoginTest.java:28)
at com.spade.tescases.LoginTest.closebrowser(LoginTest.java:28)
at com.spade.tescases.LoginTest.closebrowser(LoginTest.java:28)
at com.spade.tescases.LoginTest.closebrowser(LoginTest.java:28)
at com.spade.tescases.LoginTest.closebrowser(LoginTest.java:28)
at com.spade.tescases.LoginTest.closebrowser(LoginTest.java:28)
at com.spade.tescases.LoginTest.closebrowser(LoginTest.java:28)
at com.spade.tescases.LoginTest.closebrowser(LoginTest.java:28)
at com.spade.tescases.LoginTest.closebrowser(LoginTest.java:28)
at com.spade.tescases.LoginTest.closebrowser(LoginTest.java:28)
at com.spade.tescases.LoginTest.closebrowser(LoginTest.java:28)
at com.spade.tescases.LoginTest.closebrowser(LoginTest.java:28)
at com.spade.tescases.LoginTest.closebrowser(LoginTest.java:28)
at com.spade.tescases.LoginTest.closebrowser(LoginTest.java:28)
at com.spade.tescases.LoginTest.closebrowser(LoginTest.java:28)
at com.spade.tescases.LoginTest.closebrowser(LoginTest.java:28)
at com.spade.tescases.LoginTest.closebrowser(LoginTest.java:28)
at com.spade.tescases.LoginTest.closebrowser(LoginTest.java:28)
at com.spade.tescases.LoginTest.closebrowser(LoginTest.java:28)
at com.spade.tescases.LoginTest.closebrowser(LoginTest.java:28)
at com.spade.tescases.LoginTest.closebrowser(LoginTest.java:28)
at com.spade.tescases.LoginTest.closebrowser(LoginTest.java:28)
at com.spade.tescases.LoginTest.closebrowser(LoginTest.java:28)
at com.spade.tescases.LoginTest.closebrowser(LoginTest.java:28)
at com.spade.tescases.LoginTest.closebrowser(LoginTest.java:28)
at com.spade.tescases.LoginTest.closebrowser(LoginTest.java:28)
at com.spade.tescases.LoginTest.closebrowser(LoginTest.java:28)
at com.spade.tescases.LoginTest.closebrowser(LoginTest.java:28)
at com.spade.tescases.LoginTest.closebrowser(LoginTest.java:28)
at com.spade.tescases.LoginTest.closebrowser(LoginTest.java:28)
at com.spade.tescases.LoginTest.closebrowser(LoginTest.java:28)
at com.spade.tescases.LoginTest.closebrowser(LoginTest.java:28)
at com.spade.tescases.LoginTest.closebrowser(LoginTest.java:28)
at com.spade.tescases.LoginTest.closebrowser(LoginTest.java:28)
at com.spade.tescases.LoginTest.closebrowser(LoginTest.java:28)
at com.spade.tescases.LoginTest.closebrowser(LoginTest.java:28)
at com.spade.tescases.LoginTest.closebrowser(LoginTest.java:28)
at com.spade.tescases.LoginTest.closebrowser(LoginTest.java:28)
at com.spade.tescases.LoginTest.closebrowser(LoginTest.java:28)
at com.spade.tescases.LoginTest.closebrowser(LoginTest.java:28)
at com.spade.tescases.LoginTest.closebrowser(LoginTest.java:28)
at com.spade.tescases.LoginTest.closebrowser(LoginTest.java:28)
at com.spade.tescases.LoginTest.closebrowser(LoginTest.java:28)
at com.spade.tescases.LoginTest.closebrowser(LoginTest.java:28)
at com.spade.tescases.LoginTest.closebrowser(LoginTest.java:28)
at com.spade.tescases.LoginTest.closebrowser(LoginTest.java:28)
at com.spade.tescases.LoginTest.closebrowser(LoginTest.java:28)
at com.spade.tescases.LoginTest.closebrowser(LoginTest.java:28)
at com.spade.tescases.LoginTest.closebrowser(LoginTest.java:28)
at com.spade.tescases.LoginTest.closebrowser(LoginTest.java:28)
at com.spade.tescases.LoginTest.closebrowser(LoginTest.java:28)
at com.spade.tescases.LoginTest.closebrowser(LoginTest.java:28)
at com.spade.tescases.LoginTest.closebrowser(LoginTest.java:28)
at com.spade.tescases.LoginTest.closebrowser(LoginTest.java:28)
at com.spade.tescases.LoginTest.closebrowser(LoginTest.java:28)
at com.spade.tescases.LoginTest.closebrowser(LoginTest.java:28)
at com.spade.tescases.LoginTest.closebrowser(LoginTest.java:28)
at com.spade.tescases.LoginTest.closebrowser(LoginTest.java:28)
at com.spade.tescases.LoginTest.closebrowser(LoginTest.java:28)
at com.spade.tescases.LoginTest.closebrowser(LoginTest.java:28)
at com.spade.tescases.LoginTest.closebrowser(LoginTest.java:28)
at com.spade.tescases.LoginTest.closebrowser(LoginTest.java:28)
at com.spade.tescases.LoginTest.closebrowser(LoginTest.java:28)
at com.spade.tescases.LoginTest.closebrowser(LoginTest.java:28)
at com.spade.tescases.LoginTest.closebrowser(LoginTest.java:28)
at com.spade.tescases.LoginTest.closebrowser(LoginTest.java:28)
at com.spade.tescases.LoginTest.closebrowser(LoginTest.java:28)
at com.spade.tescases.LoginTest.closebrowser(LoginTest.java:28)
at com.spade.tescases.LoginTest.closebrowser(LoginTest.java:28)
at com.spade.tescases.LoginTest.closebrowser(LoginTest.java:28)
at com.spade.tescases.LoginTest.closebrowser(LoginTest.java:28)
at com.spade.tescases.LoginTest.closebrowser(LoginTest.java:28)
at com.spade.tescases.LoginTest.closebrowser(LoginTest.java:28)
at com.spade.tescases.LoginTest.closebrowser(LoginTest.java:28)
at com.spade.tescases.LoginTest.closebrowser(LoginTest.java:28)
at com.spade.tescases.LoginTest.closebrowser(LoginTest.java:28)
at com.spade.tescases.LoginTest.closebrowser(LoginTest.java:28)
at com.spade.tescases.LoginTest.closebrowser(LoginTest.java:28)
at com.spade.tescases.LoginTest.closebrowser(LoginTest.java:28)
at com.spade.tescases.LoginTest.closebrowser(LoginTest.java:28)
at com.spade.tescases.LoginTest.closebrowser(LoginTest.java:28)
at com.spade.tescases.LoginTest.closebrowser(LoginTest.java:28)
at com.spade.tescases.LoginTest.closebrowser(LoginTest.java:28)
at com.spade.tescases.LoginTest.closebrowser(LoginTest.java:28)
at com.spade.tescases.LoginTest.closebrowser(LoginTest.java:28)
at com.spade.tescases.LoginTest.closebrowser(LoginTest.java:28)
at com.spade.tescases.LoginTest.closebrowser(LoginTest.java:28)
at com.spade.tescases.LoginTest.closebrowser(LoginTest.java:28)
at com.spade.tescases.LoginTest.closebrowser(LoginTest.java:28)
at com.spade.tescases.LoginTest.closebrowser(LoginTest.java:28)
at com.spade.tescases.LoginTest.closebrowser(LoginTest.java:28)
at com.spade.tescases.LoginTest.closebrowser(LoginTest.java:28)
at com.spade.tescases.LoginTest.closebrowser(LoginTest.java:28)
at com.spade.tescases.LoginTest.closebrowser(LoginTest.java:28)
at com.spade.tescases.LoginTest.closebrowser(LoginTest.java:28)
at com.spade.tescases.LoginTest.closebrowser(LoginTest.java:28)
at com.spade.tescases.LoginTest.closebrowser(LoginTest.java:28)
at com.spade.tescases.LoginTest.closebrowser(LoginTest.java:28)
at com.spade.tescases.LoginTest.closebrowser(LoginTest.java:28)
at com.spade.tescases.LoginTest.closebrowser(LoginTest.java:28)
at com.spade.tescases.LoginTest.closebrowser(LoginTest.java:28)
at com.spade.tescases.LoginTest.closebrowser(LoginTest.java:28)
at com.spade.tescases.LoginTest.closebrowser(LoginTest.java:28)
at com.spade.tescases.LoginTest.closebrowser(LoginTest.java:28)
at com.spade.tescases.LoginTest.closebrowser(LoginTest.java:28)
at com.spade.tescases.LoginTest.closebrowser(LoginTest.java:28)
at com.spade.tescases.LoginTest.closebrowser(LoginTest.java:28)
at com.spade.tescases.LoginTest.closebrowser(LoginTest.java:28)
at com.spade.tescases.LoginTest.closebrowser(LoginTest.java:28)
at com.spade.tescases.LoginTest.closebrowser(LoginTest.java:28)
at com.spade.tescases.LoginTest.closebrowser(LoginTest.java:28)
at com.spade.tescases.LoginTest.closebrowser(LoginTest.java:28)
at com.spade.tescases.LoginTest.closebrowser(LoginTest.java:28)
at com.spade.tescases.LoginTest.closebrowser(LoginTest.java:28)
at com.spade.tescases.LoginTest.closebrowser(LoginTest.java:28)
at com.spade.tescases.LoginTest.closebrowser(LoginTest.java:28)
at com.spade.tescases.LoginTest.closebrowser(LoginTest.java:28)
at com.spade.tescases.LoginTest.closebrowser(LoginTest.java:28)
at com.spade.tescases.LoginTest.closebrowser(LoginTest.java:28)
at com.spade.tescases.LoginTest.closebrowser(LoginTest.java:28)
at com.spade.tescases.LoginTest.closebrowser(LoginTest.java:28)
at com.spade.tescases.LoginTest.closebrowser(LoginTest.java:28)
at com.spade.tescases.LoginTest.closebrowser(LoginTest.java:28)
at com.spade.tescases.LoginTest.closebrowser(LoginTest.java:28)
at com.spade.tescases.LoginTest.closebrowser(LoginTest.java:28)
at com.spade.tescases.LoginTest.closebrowser(LoginTest.java:28)
at com.spade.tescases.LoginTest.closebrowser(LoginTest.java:28)
at com.spade.tescases.LoginTest.closebrowser(LoginTest.java:28)
at com.spade.tescases.LoginTest.closebrowser(LoginTest.java:28)
at com.spade.tescases.LoginTest.closebrowser(LoginTest.java:28)
at com.spade.tescases.LoginTest.closebrowser(LoginTest.java:28)
at com.spade.tescases.LoginTest.closebrowser(LoginTest.java:28)
at com.spade.tescases.LoginTest.closebrowser(LoginTest.java:28)
at com.spade.tescases.LoginTest.closebrowser(LoginTest.java:28)
at com.spade.tescases.LoginTest.closebrowser(LoginTest.java:28)
at com.spade.tescases.LoginTest.closebrowser(LoginTest.java:28)
at com.spade.tescases.LoginTest.closebrowser(LoginTest.java:28)
at com.spade.tescases.LoginTest.closebrowser(LoginTest.java:28)
at com.spade.tescases.LoginTest.closebrowser(LoginTest.java:28)
at com.spade.tescases.LoginTest.closebrowser(LoginTest.java:28)
at com.spade.tescases.LoginTest.closebrowser(LoginTest.java:28)
at com.spade.tescases.LoginTest.closebrowser(LoginTest.java:28)
at com.spade.tescases.LoginTest.closebrowser(LoginTest.java:28)
at com.spade.tescases.LoginTest.closebrowser(LoginTest.java:28)
at com.spade.tescases.LoginTest.closebrowser(LoginTest.java:28)
at com.spade.tescases.LoginTest.closebrowser(LoginTest.java:28)
at com.spade.tescases.LoginTest.closebrowser(LoginTest.java:28)
at com.spade.tescases.LoginTest.closebrowser(LoginTest.java:28)
at com.spade.tescases.LoginTest.closebrowser(LoginTest.java:28)
at com.spade.tescases.LoginTest.closebrowser(LoginTest.java:28)
at com.spade.tescases.LoginTest.closebrowser(LoginTest.java:28)
at com.spade.tescases.LoginTest.closebrowser(LoginTest.java:28)
at com.spade.tescases.LoginTest.closebrowser(LoginTest.java:28)
at com.spade.tescases.LoginTest.closebrowser(LoginTest.java:28)
at com.spade.tescases.LoginTest.closebrowser(LoginTest.java:28)
at com.spade.tescases.LoginTest.closebrowser(LoginTest.java:28)
at com.spade.tescases.LoginTest.closebrowser(LoginTest.java:28)
at com.spade.tescases.LoginTest.closebrowser(LoginTest.java:28)
at com.spade.tescases.LoginTest.closebrowser(LoginTest.java:28)
at com.spade.tescases.LoginTest.closebrowser(LoginTest.java:28)
at com.spade.tescases.LoginTest.closebrowser(LoginTest.java:28)
at com.spade.tescases.LoginTest.closebrowser(LoginTest.java:28)
at com.spade.tescases.LoginTest.closebrowser(LoginTest.java:28)
at com.spade.tescases.LoginTest.closebrowser(LoginTest.java:28)
at com.spade.tescases.LoginTest.closebrowser(LoginTest.java:28)
at com.spade.tescases.LoginTest.closebrowser(LoginTest.java:28)
at com.spade.tescases.LoginTest.closebrowser(LoginTest.java:28)
at com.spade.tescases.LoginTest.closebrowser(LoginTest.java:28)
at com.spade.tescases.LoginTest.closebrowser(LoginTest.java:28)
at com.spade.tescases.LoginTest.closebrowser(LoginTest.java:28)
at com.spade.tescases.LoginTest.closebrowser(LoginTest.java:28)
at com.spade.tescases.LoginTest.closebrowser(LoginTest.java:28)
at com.spade.tescases.LoginTest.closebrowser(LoginTest.java:28)
at com.spade.tescases.LoginTest.closebrowser(LoginTest.java:28)
at com.spade.tescases.LoginTest.closebrowser(LoginTest.java:28)
at com.spade.tescases.LoginTest.closebrowser(LoginTest.java:28)
at com.spade.tescases.LoginTest.closebrowser(LoginTest.java:28)
at com.spade.tescases.LoginTest.closebrowser(LoginTest.java:28)
at com.spade.tescases.LoginTest.closebrowser(LoginTest.java:28)
at com.spade.tescases.LoginTest.closebrowser(LoginTest.java:28)
at com.spade.tescases.LoginTest.closebrowser(LoginTest.java:28)
at com.spade.tescases.LoginTest.closebrowser(LoginTest.java:28)
at com.spade.tescases.LoginTest.closebrowser(LoginTest.java:28)
at com.spade.tescases.LoginTest.closebrowser(LoginTest.java:28)
at com.spade.tescases.LoginTest.closebrowser(LoginTest.java:28)
at com.spade.tescases.LoginTest.closebrowser(LoginTest.java:28)
at com.spade.tescases.LoginTest.closebrowser(LoginTest.java:28)
at com.spade.tescases.LoginTest.closebrowser(LoginTest.java:28)
at com.spade.tescases.LoginTest.closebrowser(LoginTest.java:28)
at com.spade.tescases.LoginTest.closebrowser(LoginTest.java:28)
at com.spade.tescases.LoginTest.closebrowser(LoginTest.java:28)
at com.spade.tescases.LoginTest.closebrowser(LoginTest.java:28)
at com.spade.tescases.LoginTest.closebrowser(LoginTest.java:28)
at com.spade.tescases.LoginTest.closebrowser(LoginTest.java:28)
at com.spade.tescases.LoginTest.closebrowser(LoginTest.java:28)
at com.spade.tescases.LoginTest.closebrowser(LoginTest.java:28)
at com.spade.tescases.LoginTest.closebrowser(LoginTest.java:28)
at com.spade.tescases.LoginTest.closebrowser(LoginTest.java:28)
at com.spade.tescases.LoginTest.closebrowser(LoginTest.java:28)
at com.spade.tescases.LoginTest.closebrowser(LoginTest.java:28)
at com.spade.tescases.LoginTest.closebrowser(LoginTest.java:28)
at com.spade.tescases.LoginTest.closebrowser(LoginTest.java:28)
at com.spade.tescases.LoginTest.closebrowser(LoginTest.java:28)
at com.spade.tescases.LoginTest.closebrowser(LoginTest.java:28)
at com.spade.tescases.LoginTest.closebrowser(LoginTest.java:28)
at com.spade.tescases.LoginTest.closebrowser(LoginTest.java:28)
at com.spade.tescases.LoginTest.closebrowser(LoginTest.java:28)
at com.spade.tescases.LoginTest.closebrowser(LoginTest.java:28)
at com.spade.tescases.LoginTest.closebrowser(LoginTest.java:28)
at com.spade.tescases.LoginTest.closebrowser(LoginTest.java:28)
at com.spade.tescases.LoginTest.closebrowser(LoginTest.java:28)
at com.spade.tescases.LoginTest.closebrowser(LoginTest.java:28)
at com.spade.tescases.LoginTest.closebrowser(LoginTest.java:28)
at com.spade.tescases.LoginTest.closebrowser(LoginTest.java:28)
at com.spade.tescases.LoginTest.closebrowser(LoginTest.java:28)
at com.spade.tescases.LoginTest.closebrowser(LoginTest.java:28)
at com.spade.tescases.LoginTest.closebrowser(LoginTest.java:28)
at com.spade.tescases.LoginTest.closebrowser(LoginTest.java:28)
at com.spade.tescases.LoginTest.closebrowser(LoginTest.java:28)
at com.spade.tescases.LoginTest.closebrowser(LoginTest.java:28)
at com.spade.tescases.LoginTest.closebrowser(LoginTest.java:28)
at com.spade.tescases.LoginTest.closebrowser(LoginTest.java:28)
at com.spade.tescases.LoginTest.closebrowser(LoginTest.java:28)
at com.spade.tescases.LoginTest.closebrowser(LoginTest.java:28)
at com.spade.tescases.LoginTest.closebrowser(LoginTest.java:28)
at com.spade.tescases.LoginTest.closebrowser(LoginTest.java:28)
at com.spade.tescases.LoginTest.closebrowser(LoginTest.java:28)
at com.spade.tescases.LoginTest.closebrowser(LoginTest.java:28)
at com.spade.tescases.LoginTest.closebrowser(LoginTest.java:28)
at com.spade.tescases.LoginTest.closebrowser(LoginTest.java:28)
at com.spade.tescases.LoginTest.closebrowser(LoginTest.java:28)
at com.spade.tescases.LoginTest.closebrowser(LoginTest.java:28)
at com.spade.tescases.LoginTest.closebrowser(LoginTest.java:28)
at com.spade.tescases.LoginTest.closebrowser(LoginTest.java:28)
at com.spade.tescases.LoginTest.closebrowser(LoginTest.java:28)
at com.spade.tescases.LoginTest.closebrowser(LoginTest.java:28)
at com.spade.tescases.LoginTest.closebrowser(LoginTest.java:28)
at com.spade.tescases.LoginTest.closebrowser(LoginTest.java:28)
at com.spade.tescases.LoginTest.closebrowser(LoginTest.java:28)
at com.spade.tescases.LoginTest.closebrowser(LoginTest.java:28)
at com.spade.tescases.LoginTest.closebrowser(LoginTest.java:28)
at com.spade.tescases.LoginTest.closebrowser(LoginTest.java:28)
at com.spade.tescases.LoginTest.closebrowser(LoginTest.java:28)
at com.spade.tescases.LoginTest.closebrowser(LoginTest.java:28)
at com.spade.tescases.LoginTest.closebrowser(LoginTest.java:28)
at com.spade.tescases.LoginTest.closebrowser(LoginTest.java:28)
at com.spade.tescases.LoginTest.closebrowser(LoginTest.java:28)
at com.spade.tescases.LoginTest.closebrowser(LoginTest.java:28)
at com.spade.tescases.LoginTest.closebrowser(LoginTest.java:28)
at com.spade.tescases.LoginTest.closebrowser(LoginTest.java:28)
at com.spade.tescases.LoginTest.closebrowser(LoginTest.java:28)
at com.spade.tescases.LoginTest.closebrowser(LoginTest.java:28)
at com.spade.tescases.LoginTest.closebrowser(LoginTest.java:28)
at com.spade.tescases.LoginTest.closebrowser(LoginTest.java:28)
at com.spade.tescases.LoginTest.closebrowser(LoginTest.java:28)
at com.spade.tescases.LoginTest.closebrowser(LoginTest.java:28)
at com.spade.tescases.LoginTest.closebrowser(LoginTest.java:28)
at com.spade.tescases.LoginTest.closebrowser(LoginTest.java:28)
at com.spade.tescases.LoginTest.closebrowser(LoginTest.java:28)
at com.spade.tescases.LoginTest.closebrowser(LoginTest.java:28)
at com.spade.tescases.LoginTest.closebrowser(LoginTest.java:28)
at com.spade.tescases.LoginTest.closebrowser(LoginTest.java:28)
at com.spade.tescases.LoginTest.closebrowser(LoginTest.java:28)
at com.spade.tescases.LoginTest.closebrowser(LoginTest.java:28)
at com.spade.tescases.LoginTest.closebrowser(LoginTest.java:28)
at com.spade.tescases.LoginTest.closebrowser(LoginTest.java:28)
at com.spade.tescases.LoginTest.closebrowser(LoginTest.java:28)
at com.spade.tescases.LoginTest.closebrowser(LoginTest.java:28)
at com.spade.tescases.LoginTest.closebrowser(LoginTest.java:28)
at com.spade.tescases.LoginTest.closebrowser(LoginTest.java:28)
at com.spade.tescases.LoginTest.closebrowser(LoginTest.java:28)
at com.spade.tescases.LoginTest.closebrowser(LoginTest.java:28)
at com.spade.tescases.LoginTest.closebrowser(LoginTest.java:28)
at com.spade.tescases.LoginTest.closebrowser(LoginTest.java:28)
at com.spade.tescases.LoginTest.closebrowser(LoginTest.java:28)
at com.spade.tescases.LoginTest.closebrowser(LoginTest.java:28)
at com.spade.tescases.LoginTest.closebrowser(LoginTest.java:28)
at com.spade.tescases.LoginTest.closebrowser(LoginTest.java:28)
at com.spade.tescases.LoginTest.closebrowser(LoginTest.java:28)
at com.spade.tescases.LoginTest.closebrowser(LoginTest.java:28)
at com.spade.tescases.LoginTest.closebrowser(LoginTest.java:28)
at com.spade.tescases.LoginTest.closebrowser(LoginTest.java:28)
at com.spade.tescases.LoginTest.closebrowser(LoginTest.java:28)
at com.spade.tescases.LoginTest.closebrowser(LoginTest.java:28)
at com.spade.tescases.LoginTest.closebrowser(LoginTest.java:28)
at com.spade.tescases.LoginTest.closebrowser(LoginTest.java:28)
at com.spade.tescases.LoginTest.closebrowser(LoginTest.java:28)
at com.spade.tescases.LoginTest.closebrowser(LoginTest.java:28)
at com.spade.tescases.LoginTest.closebrowser(LoginTest.java:28)
at com.spade.tescases.LoginTest.closebrowser(LoginTest.java:28)
at com.spade.tescases.LoginTest.closebrowser(LoginTest.java:28)
at com.spade.tescases.LoginTest.closebrowser(LoginTest.java:28)
at com.spade.tescases.LoginTest.closebrowser(LoginTest.java:28)
at com.spade.tescases.LoginTest.closebrowser(LoginTest.java:28)
at com.spade.tescases.LoginTest.closebrowser(LoginTest.java:28)
at com.spade.tescases.LoginTest.closebrowser(LoginTest.java:28)
at com.spade.tescases.LoginTest.closebrowser(LoginTest.java:28)
at com.spade.tescases.LoginTest.closebrowser(LoginTest.java:28)
at com.spade.tescases.LoginTest.closebrowser(LoginTest.java:28)
at com.spade.tescases.LoginTest.closebrowser(LoginTest.java:28)
at com.spade.tescases.LoginTest.closebrowser(LoginTest.java:28)
at com.spade.tescases.LoginTest.closebrowser(LoginTest.java:28)
at com.spade.tescases.LoginTest.closebrowser(LoginTest.java:28)
at com.spade.tescases.LoginTest.closebrowser(LoginTest.java:28)
at com.spade.tescases.LoginTest.closebrowser(LoginTest.java:28)
at com.spade.tescases.LoginTest.closebrowser(LoginTest.java:28)
at com.spade.tescases.LoginTest.closebrowser(LoginTest.java:28)
at com.spade.tescases.LoginTest.closebrowser(LoginTest.java:28)
at com.spade.tescases.LoginTest.closebrowser(LoginTest.java:28)
at com.spade.tescases.LoginTest.closebrowser(LoginTest.java:28)
at com.spade.tescases.LoginTest.closebrowser(LoginTest.java:28)
at com.spade.tescases.LoginTest.closebrowser(LoginTest.java:28)
at com.spade.tescases.LoginTest.closebrowser(LoginTest.java:28)
at com.spade.tescases.LoginTest.closebrowser(LoginTest.java:28)
at com.spade.tescases.LoginTest.closebrowser(LoginTest.java:28)
at com.spade.tescases.LoginTest.closebrowser(LoginTest.java:28)
at com.spade.tescases.LoginTest.closebrowser(LoginTest.java:28)
at com.spade.tescases.LoginTest.closebrowser(LoginTest.java:28)
at com.spade.tescases.LoginTest.closebrowser(LoginTest.java:28)
at com.spade.tescases.LoginTest.closebrowser(LoginTest.java:28)
at com.spade.tescases.LoginTest.closebrowser(LoginTest.java:28)
at com.spade.tescases.LoginTest.closebrowser(LoginTest.java:28)
at com.spade.tescases.LoginTest.closebrowser(LoginTest.java:28)
at com.spade.tescases.LoginTest.closebrowser(LoginTest.java:28)
at com.spade.tescases.LoginTest.closebrowser(LoginTest.java:28)
at com.spade.tescases.LoginTest.closebrowser(LoginTest.java:28)
at com.spade.tescases.LoginTest.closebrowser(LoginTest.java:28)
at com.spade.tescases.LoginTest.closebrowser(LoginTest.java:28)
at com.spade.tescases.LoginTest.closebrowser(LoginTest.java:28)
at com.spade.tescases.LoginTest.closebrowser(LoginTest.java:28)
at com.spade.tescases.LoginTest.closebrowser(LoginTest.java:28)
at com.spade.tescases.LoginTest.closebrowser(LoginTest.java:28)
at com.spade.tescases.LoginTest.closebrowser(LoginTest.java:28)
at com.spade.tescases.LoginTest.closebrowser(LoginTest.java:28)
at com.spade.tescases.LoginTest.closebrowser(LoginTest.java:28)
at com.spade.tescases.LoginTest.closebrowser(LoginTest.java:28)
at com.spade.tescases.LoginTest.closebrowser(LoginTest.java:28)
at com.spade.tescases.LoginTest.closebrowser(LoginTest.java:28)
at com.spade.tescases.LoginTest.closebrowser(LoginTest.java:28)
at com.spade.tescases.LoginTest.closebrowser(LoginTest.java:28)
at com.spade.tescases.LoginTest.closebrowser(LoginTest.java:28)
at com.spade.tescases.LoginTest.closebrowser(LoginTest.java:28)
at com.spade.tescases.LoginTest.closebrowser(LoginTest.java:28)
at com.spade.tescases.LoginTest.closebrowser(LoginTest.java:28)
at com.spade.tescases.LoginTest.closebrowser(LoginTest.java:28)
at com.spade.tescases.LoginTest.closebrowser(LoginTest.java:28)
at com.spade.tescases.LoginTest.closebrowser(LoginTest.java:28)
at com.spade.tescases.LoginTest.closebrowser(LoginTest.java:28)
at com.spade.tescases.LoginTest.closebrowser(LoginTest.java:28)
at com.spade.tescases.LoginTest.closebrowser(LoginTest.java:28)
at com.spade.tescases.LoginTest.closebrowser(LoginTest.java:28)
at com.spade.tescases.LoginTest.closebrowser(LoginTest.java:28)
at com.spade.tescases.LoginTest.closebrowser(LoginTest.java:28)
at com.spade.tescases.LoginTest.closebrowser(LoginTest.java:28)
at com.spade.tescases.LoginTest.closebrowser(LoginTest.java:28)
at com.spade.tescases.LoginTest.closebrowser(LoginTest.java:28)
at com.spade.tescases.LoginTest.closebrowser(LoginTest.java:28)
at com.spade.tescases.LoginTest.closebrowser(LoginTest.java:28)
at com.spade.tescases.LoginTest.closebrowser(LoginTest.java:28)
at com.spade.tescases.LoginTest.closebrowser(LoginTest.java:28)
at com.spade.tescases.LoginTest.closebrowser(LoginTest.java:28)
at com.spade.tescases.LoginTest.closebrowser(LoginTest.java:28)
at com.spade.tescases.LoginTest.closebrowser(LoginTest.java:28)
at com.spade.tescases.LoginTest.closebrowser(LoginTest.java:28)
at com.spade.tescases.LoginTest.closebrowser(LoginTest.java:28)
at com.spade.tescases.LoginTest.closebrowser(LoginTest.java:28)
at com.spade.tescases.LoginTest.closebrowser(LoginTest.java:28)
at com.spade.tescases.LoginTest.closebrowser(LoginTest.java:28)
at com.spade.tescases.LoginTest.closebrowser(LoginTest.java:28)
at com.spade.tescases.LoginTest.closebrowser(LoginTest.java:28)
at com.spade.tescases.LoginTest.closebrowser(LoginTest.java:28)
at com.spade.tescases.LoginTest.closebrowser(LoginTest.java:28)
at com.spade.tescases.LoginTest.closebrowser(LoginTest.java:28)
at com.spade.tescases.LoginTest.closebrowser(LoginTest.java:28)
at com.spade.tescases.LoginTest.closebrowser(LoginTest.java:28)
at com.spade.tescases.LoginTest.closebrowser(LoginTest.java:28)
at com.spade.tescases.LoginTest.closebrowser(LoginTest.java:28)
at com.spade.tescases.LoginTest.closebrowser(LoginTest.java:28)
at com.spade.tescases.LoginTest.closebrowser(LoginTest.java:28)
at com.spade.tescases.LoginTest.closebrowser(LoginTest.java:28)
at com.spade.tescases.LoginTest.closebrowser(LoginTest.java:28)
at com.spade.tescases.LoginTest.closebrowser(LoginTest.java:28)
at com.spade.tescases.LoginTest.closebrowser(LoginTest.java:28)
at com.spade.tescases.LoginTest.closebrowser(LoginTest.java:28)
at com.spade.tescases.LoginTest.closebrowser(LoginTest.java:28)
at com.spade.tescases.LoginTest.closebrowser(LoginTest.java:28)
at com.spade.tescases.LoginTest.closebrowser(LoginTest.java:28)
at com.spade.tescases.LoginTest.closebrowser(LoginTest.java:28)
at com.spade.tescases.LoginTest.closebrowser(LoginTest.java:28)
at com.spade.tescases.LoginTest.closebrowser(LoginTest.java:28)
at com.spade.tescases.LoginTest.closebrowser(LoginTest.java:28)
at com.spade.tescases.LoginTest.closebrowser(LoginTest.java:28)
at com.spade.tescases.LoginTest.closebrowser(LoginTest.java:28)
at com.spade.tescases.LoginTest.closebrowser(LoginTest.java:28)
at com.spade.tescases.LoginTest.closebrowser(LoginTest.java:28)
at com.spade.tescases.LoginTest.closebrowser(LoginTest.java:28)
at com.spade.tescases.LoginTest.closebrowser(LoginTest.java:28)
at com.spade.tescases.LoginTest.closebrowser(LoginTest.java:28)
at com.spade.tescases.LoginTest.closebrowser(LoginTest.java:28)
at com.spade.tescases.LoginTest.closebrowser(LoginTest.java:28)
at com.spade.tescases.LoginTest.closebrowser(LoginTest.java:28)
at com.spade.tescases.LoginTest.closebrowser(LoginTest.java:28)
at com.spade.tescases.LoginTest.closebrowser(LoginTest.java:28)
at com.spade.tescases.LoginTest.closebrowser(LoginTest.java:28)
at com.spade.tescases.LoginTest.closebrowser(LoginTest.java:28)
at com.spade.tescases.LoginTest.closebrowser(LoginTest.java:28)
at com.spade.tescases.LoginTest.closebrowser(LoginTest.java:28)
at com.spade.tescases.LoginTest.closebrowser(LoginTest.java:28)
at com.spade.tescases.LoginTest.closebrowser(LoginTest.java:28)
at com.spade.tescases.LoginTest.closebrowser(LoginTest.java:28)
at com.spade.tescases.LoginTest.closebrowser(LoginTest.java:28)
at com.spade.tescases.LoginTest.closebrowser(LoginTest.java:28)
at com.spade.tescases.LoginTest.closebrowser(LoginTest.java:28)
at com.spade.tescases.LoginTest.closebrowser(LoginTest.java:28)
at com.spade.tescases.LoginTest.closebrowser(LoginTest.java:28)
at com.spade.tescases.LoginTest.closebrowser(LoginTest.java:28)
at com.spade.tescases.LoginTest.closebrowser(LoginTest.java:28)
at com.spade.tescases.LoginTest.closebrowser(LoginTest.java:28)
at com.spade.tescases.LoginTest.closebrowser(LoginTest.java:28)
at com.spade.tescases.LoginTest.closebrowser(LoginTest.java:28)
at com.spade.tescases.LoginTest.closebrowser(LoginTest.java:28)
at com.spade.tescases.LoginTest.closebrowser(LoginTest.java:28)
at com.spade.tescases.LoginTest.closebrowser(LoginTest.java:28)
at com.spade.tescases.LoginTest.closebrowser(LoginTest.java:28)
at com.spade.tescases.LoginTest.closebrowser(LoginTest.java:28)
at com.spade.tescases.LoginTest.closebrowser(LoginTest.java:28)
at com.spade.tescases.LoginTest.closebrowser(LoginTest.java:28)
at com.spade.tescases.LoginTest.closebrowser(LoginTest.java:28)
at com.spade.tescases.LoginTest.closebrowser(LoginTest.java:28)
at com.spade.tescases.LoginTest.closebrowser(LoginTest.java:28)
at com.spade.tescases.LoginTest.closebrowser(LoginTest.java:28)
at com.spade.tescases.LoginTest.closebrowser(LoginTest.java:28)
at com.spade.tescases.LoginTest.closebrowser(LoginTest.java:28)
at com.spade.tescases.LoginTest.closebrowser(LoginTest.java:28)
at com.spade.tescases.LoginTest.closebrowser(LoginTest.java:28)
at com.spade.tescases.LoginTest.closebrowser(LoginTest.java:28)
at com.spade.tescases.LoginTest.closebrowser(LoginTest.java:28)
at com.spade.tescases.LoginTest.closebrowser(LoginTest.java:28)
at com.spade.tescases.LoginTest.closebrowser(LoginTest.java:28)
at com.spade.tescases.LoginTest.closebrowser(LoginTest.java:28)
at com.spade.tescases.LoginTest.closebrowser(LoginTest.java:28)
at com.spade.tescases.LoginTest.closebrowser(LoginTest.java:28)
at com.spade.tescases.LoginTest.closebrowser(LoginTest.java:28)
at com.spade.tescases.LoginTest.closebrowser(LoginTest.java:28)
at com.spade.tescases.LoginTest.closebrowser(LoginTest.java:28)
at com.spade.tescases.LoginTest.closebrowser(LoginTest.java:28)
at com.spade.tescases.LoginTest.closebrowser(LoginTest.java:28)
at com.spade.tescases.LoginTest.closebrowser(LoginTest.java:28)
at com.spade.tescases.LoginTest.closebrowser(LoginTest.java:28)
at com.spade.tescases.LoginTest.closebrowser(LoginTest.java:28)
at com.spade.tescases.LoginTest.closebrowser(LoginTest.java:28)
at com.spade.tescases.LoginTest.closebrowser(LoginTest.java:28)
at com.spade.tescases.LoginTest.closebrowser(LoginTest.java:28)
at com.spade.tescases.LoginTest.closebrowser(LoginTest.java:28)
at com.spade.tescases.LoginTest.closebrowser(LoginTest.java:28)
at com.spade.tescases.LoginTest.closebrowser(LoginTest.java:28)
at com.spade.tescases.LoginTest.closebrowser(LoginTest.java:28)
at com.spade.tescases.LoginTest.closebrowser(LoginTest.java:28)
at com.spade.tescases.LoginTest.closebrowser(LoginTest.java:28)
at com.spade.tescases.LoginTest.closebrowser(LoginTest.java:28)
at com.spade.tescases.LoginTest.closebrowser(LoginTest.java:28)
at com.spade.tescases.LoginTest.closebrowser(LoginTest.java:28)
at com.spade.tescases.LoginTest.closebrowser(LoginTest.java:28)
at com.spade.tescases.LoginTest.closebrowser(LoginTest.java:28)
at com.spade.tescases.LoginTest.closebrowser(LoginTest.java:28)
at com.spade.tescases.LoginTest.closebrowser(LoginTest.java:28)
at com.spade.tescases.LoginTest.closebrowser(LoginTest.java:28)
at com.spade.tescases.LoginTest.closebrowser(LoginTest.java:28)
at com.spade.tescases.LoginTest.closebrowser(LoginTest.java:28)
at com.spade.tescases.LoginTest.closebrowser(LoginTest.java:28)
at com.spade.tescases.LoginTest.closebrowser(LoginTest.java:28)
at com.spade.tescases.LoginTest.closebrowser(LoginTest.java:28)
at com.spade.tescases.LoginTest.closebrowser(LoginTest.java:28)
at com.spade.tescases.LoginTest.closebrowser(LoginTest.java:28)
at com.spade.tescases.LoginTest.closebrowser(LoginTest.java:28)
at com.spade.tescases.LoginTest.closebrowser(LoginTest.java:28)
at com.spade.tescases.LoginTest.closebrowser(LoginTest.java:28)
at com.spade.tescases.LoginTest.closebrowser(LoginTest.java:28)
at com.spade.tescases.LoginTest.closebrowser(LoginTest.java:28)
at com.spade.tescases.LoginTest.closebrowser(LoginTest.java:28)
at com.spade.tescases.LoginTest.closebrowser(LoginTest.java:28)
at com.spade.tescases.LoginTest.closebrowser(LoginTest.java:28)
at com.spade.tescases.LoginTest.closebrowser(LoginTest.java:28)
at com.spade.tescases.LoginTest.closebrowser(LoginTest.java:28)
at com.spade.tescases.LoginTest.closebrowser(LoginTest.java:28)
at com.spade.tescases.LoginTest.closebrowser(LoginTest.java:28)
at com.spade.tescases.LoginTest.closebrowser(LoginTest.java:28)
at com.spade.tescases.LoginTest.closebrowser(LoginTest.java:28)
at com.spade.tescases.LoginTest.closebrowser(LoginTest.java:28)
at com.spade.tescases.LoginTest.closebrowser(LoginTest.java:28)
at com.spade.tescases.LoginTest.closebrowser(LoginTest.java:28)
at com.spade.tescases.LoginTest.closebrowser(LoginTest.java:28)
at com.spade.tescases.LoginTest.closebrowser(LoginTest.java:28)
at com.spade.tescases.LoginTest.closebrowser(LoginTest.java:28)
at com.spade.tescases.LoginTest.closebrowser(LoginTest.java:28)
at com.spade.tescases.LoginTest.closebrowser(LoginTest.java:28)
at com.spade.tescases.LoginTest.closebrowser(LoginTest.java:28)
at com.spade.tescases.LoginTest.closebrowser(LoginTest.java:28)
at com.spade.tescases.LoginTest.closebrowser(LoginTest.java:28)
at com.spade.tescases.LoginTest.closebrowser(LoginTest.java:28)
at com.spade.tescases.LoginTest.closebrowser(LoginTest.java:28)
at com.spade.tescases.LoginTest.closebrowser(LoginTest.java:28)
at com.spade.tescases.LoginTest.closebrowser(LoginTest.java:28)
at com.spade.tescases.LoginTest.closebrowser(LoginTest.java:28)
at com.spade.tescases.LoginTest.closebrowser(LoginTest.java:28)
at com.spade.tescases.LoginTest.closebrowser(LoginTest.java:28)
at com.spade.tescases.LoginTest.closebrowser(LoginTest.java:28)
at com.spade.tescases.LoginTest.closebrowser(LoginTest.java:28)
at com.spade.tescases.LoginTest.closebrowser(LoginTest.java:28)
at com.spade.tescases.LoginTest.closebrowser(LoginTest.java:28)
at com.spade.tescases.LoginTest.closebrowser(LoginTest.java:28)
at com.spade.tescases.LoginTest.closebrowser(LoginTest.java:28)
at com.spade.tescases.LoginTest.closebrowser(LoginTest.java:28)
at com.spade.tescases.LoginTest.closebrowser(LoginTest.java:28)
at com.spade.tescases.LoginTest.closebrowser(LoginTest.java:28)
at com.spade.tescases.LoginTest.closebrowser(LoginTest.java:28)
at com.spade.tescases.LoginTest.closebrowser(LoginTest.java:28)
at com.spade.tescases.LoginTest.closebrowser(LoginTest.java:28)
at com.spade.tescases.LoginTest.closebrowser(LoginTest.java:28)
at com.spade.tescases.LoginTest.closebrowser(LoginTest.java:28)
at com.spade.tescases.LoginTest.closebrowser(LoginTest.java:28)
at com.spade.tescases.LoginTest.closebrowser(LoginTest.java:28)
at com.spade.tescases.LoginTest.closebrowser(LoginTest.java:28)
at com.spade.tescases.LoginTest.closebrowser(LoginTest.java:28)
at com.spade.tescases.LoginTest.closebrowser(LoginTest.java:28)
at com.spade.tescases.LoginTest.closebrowser(LoginTest.java:28)
at com.spade.tescases.LoginTest.closebrowser(LoginTest.java:28)
at com.spade.tescases.LoginTest.closebrowser(LoginTest.java:28)
at com.spade.tescases.LoginTest.closebrowser(LoginTest.java:28)
at com.spade.tescases.LoginTest.closebrowser(LoginTest.java:28)
at com.spade.tescases.LoginTest.closebrowser(LoginTest.java:28)
at com.spade.tescases.LoginTest.closebrowser(LoginTest.java:28)
at com.spade.tescases.LoginTest.closebrowser(LoginTest.java:28)
at com.spade.tescases.LoginTest.closebrowser(LoginTest.java:28)
at com.spade.tescases.LoginTest.closebrowser(LoginTest.java:28)
at com.spade.tescases.LoginTest.closebrowser(LoginTest.java:28)
at com.spade.tescases.LoginTest.closebrowser(LoginTest.java:28)
at com.spade.tescases.LoginTest.closebrowser(LoginTest.java:28)
at com.spade.tescases.LoginTest.closebrowser(LoginTest.java:28)
at com.spade.tescases.LoginTest.closebrowser(LoginTest.java:28)
at com.spade.tescases.LoginTest.closebrowser(LoginTest.java:28)
at com.spade.tescases.LoginTest.closebrowser(LoginTest.java:28)
at com.spade.tescases.LoginTest.closebrowser(LoginTest.java:28)
at com.spade.tescases.LoginTest.closebrowser(LoginTest.java:28)
at com.spade.tescases.LoginTest.closebrowser(LoginTest.java:28)
at com.spade.tescases.LoginTest.closebrowser(LoginTest.java:28)
at com.spade.tescases.LoginTest.closebrowser(LoginTest.java:28)
at com.spade.tescases.LoginTest.closebrowser(LoginTest.java:28)
at com.spade.tescases.LoginTest.closebrowser(LoginTest.java:28)
at com.spade.tescases.LoginTest.closebrowser(LoginTest.java:28)
at com.spade.tescases.LoginTest.closebrowser(LoginTest.java:28)
at com.spade.tescases.LoginTest.closebrowser(LoginTest.java:28)
at com.spade.tescases.LoginTest.closebrowser(LoginTest.java:28)
at com.spade.tescases.LoginTest.closebrowser(LoginTest.java:28)
at com.spade.tescases.LoginTest.closebrowser(LoginTest.java:28)
at com.spade.tescases.LoginTest.closebrowser(LoginTest.java:28)
at com.spade.tescases.LoginTest.closebrowser(LoginTest.java:28)
at com.spade.tescases.LoginTest.closebrowser(LoginTest.java:28)
at com.spade.tescases.LoginTest.closebrowser(LoginTest.java:28)
at com.spade.tescases.LoginTest.closebrowser(LoginTest.java:28)
at com.spade.tescases.LoginTest.closebrowser(LoginTest.java:28)
at com.spade.tescases.LoginTest.closebrowser(LoginTest.java:28)
at com.spade.tescases.LoginTest.closebrowser(LoginTest.java:28)
at com.spade.tescases.LoginTest.closebrowser(LoginTest.java:28)
at com.spade.tescases.LoginTest.closebrowser(LoginTest.java:28)
at com.spade.tescases.LoginTest.closebrowser(LoginTest.java:28)
at com.spade.tescases.LoginTest.closebrowser(LoginTest.java:28)
at com.spade.tescases.LoginTest.closebrowser(LoginTest.java:28)
at com.spade.tescases.LoginTest.closebrowser(LoginTest.java:28)
at com.spade.tescases.LoginTest.closebrowser(LoginTest.java:28)
at com.spade.tescases.LoginTest.closebrowser(LoginTest.java:28)
at com.spade.tescases.LoginTest.closebrowser(LoginTest.java:28)
at com.spade.tescases.LoginTest.closebrowser(LoginTest.java:28)
at com.spade.tescases.LoginTest.closebrowser(LoginTest.java:28)
at com.spade.tescases.LoginTest.closebrowser(LoginTest.java:28)
at com.spade.tescases.LoginTest.closebrowser(LoginTest.java:28)
at com.spade.tescases.LoginTest.closebrowser(LoginTest.java:28)
at com.spade.tescases.LoginTest.closebrowser(LoginTest.java:28)
at com.spade.tescases.LoginTest.closebrowser(LoginTest.java:28)
at com.spade.tescases.LoginTest.closebrowser(LoginTest.java:28)
at com.spade.tescases.LoginTest.closebrowser(LoginTest.java:28)
at com.spade.tescases.LoginTest.closebrowser(LoginTest.java:28)
at com.spade.tescases.LoginTest.closebrowser(LoginTest.java:28)
at com.spade.tescases.LoginTest.closebrowser(LoginTest.java:28)
at com.spade.tescases.LoginTest.closebrowser(LoginTest.java:28)
at com.spade.tescases.LoginTest.closebrowser(LoginTest.java:28)
at com.spade.tescases.LoginTest.closebrowser(LoginTest.java:28)
at com.spade.tescases.LoginTest.closebrowser(LoginTest.java:28)
at com.spade.tescases.LoginTest.closebrowser(LoginTest.java:28)
at com.spade.tescases.LoginTest.closebrowser(LoginTest.java:28)
at com.spade.tescases.LoginTest.closebrowser(LoginTest.java:28)
at com.spade.tescases.LoginTest.closebrowser(LoginTest.java:28)
at com.spade.tescases.LoginTest.closebrowser(LoginTest.java:28)
at com.spade.tescases.LoginTest.closebrowser(LoginTest.java:28)
at com.spade.tescases.LoginTest.closebrowser(LoginTest.java:28)
at com.spade.tescases.LoginTest.closebrowser(LoginTest.java:28)
at com.spade.tescases.LoginTest.closebrowser(LoginTest.java:28)
at com.spade.tescases.LoginTest.closebrowser(LoginTest.java:28)
at com.spade.tescases.LoginTest.closebrowser(LoginTest.java:28)
at com.spade.tescases.LoginTest.closebrowser(LoginTest.java:28)
at com.spade.tescases.LoginTest.closebrowser(LoginTest.java:28)
at com.spade.tescases.LoginTest.closebrowser(LoginTest.java:28)
at com.spade.tescases.LoginTest.closebrowser(LoginTest.java:28)
at com.spade.tescases.LoginTest.closebrowser(LoginTest.java:28)
at com.spade.tescases.LoginTest.closebrowser(LoginTest.java:28)
at com.spade.tescases.LoginTest.closebrowser(LoginTest.java:28)
at com.spade.tescases.LoginTest.closebrowser(LoginTest.java:28)
at com.spade.tescases.LoginTest.closebrowser(LoginTest.java:28)
at com.spade.tescases.LoginTest.closebrowser(LoginTest.java:28)
at com.spade.tescases.LoginTest.closebrowser(LoginTest.java:28)
at com.spade.tescases.LoginTest.closebrowser(LoginTest.java:28)
at com.spade.tescases.LoginTest.closebrowser(LoginTest.java:28)
at com.spade.tescases.LoginTest.closebrowser(LoginTest.java:28)
at com.spade.tescases.LoginTest.closebrowser(LoginTest.java:28)
at com.spade.tescases.LoginTest.closebrowser(LoginTest.java:28)
at com.spade.tescases.LoginTest.closebrowser(LoginTest.java:28)
at com.spade.tescases.LoginTest.closebrowser(LoginTest.java:28)
at com.spade.tescases.LoginTest.closebrowser(LoginTest.java:28)
at com.spade.tescases.LoginTest.closebrowser(LoginTest.java:28)
at com.spade.tescases.LoginTest.closebrowser(LoginTest.java:28)
at com.spade.tescases.LoginTest.closebrowser(LoginTest.java:28)
at com.spade.tescases.LoginTest.closebrowser(LoginTest.java:28)
at com.spade.tescases.LoginTest.closebrowser(LoginTest.java:28)
at com.spade.tescases.LoginTest.closebrowser(LoginTest.java:28)
at com.spade.tescases.LoginTest.closebrowser(LoginTest.java:28)
at com.spade.tescases.LoginTest.closebrowser(LoginTest.java:28)
at com.spade.tescases.LoginTest.closebrowser(LoginTest.java:28)
at com.spade.tescases.LoginTest.closebrowser(LoginTest.java:28)
at com.spade.tescases.LoginTest.closebrowser(LoginTest.java:28)
at com.spade.tescases.LoginTest.closebrowser(LoginTest.java:28)
at com.spade.tescases.LoginTest.closebrowser(LoginTest.java:28)
at com.spade.tescases.LoginTest.closebrowser(LoginTest.java:28)
at com.spade.tescases.LoginTest.closebrowser(LoginTest.java:28)
at com.spade.tescases.LoginTest.closebrowser(LoginTest.java:28)
at com.spade.tescases.LoginTest.closebrowser(LoginTest.java:28)
at com.spade.tescases.LoginTest.closebrowser(LoginTest.java:28)
at com.spade.tescases.LoginTest.closebrowser(LoginTest.java:28)
at com.spade.tescases.LoginTest.closebrowser(LoginTest.java:28)
at com.spade.tescases.LoginTest.closebrowser(LoginTest.java:28)
at com.spade.tescases.LoginTest.closebrowser(LoginTest.java:28)
at com.spade.tescases.LoginTest.closebrowser(LoginTest.java:28)
at com.spade.tescases.LoginTest.closebrowser(LoginTest.java:28)
at com.spade.tescases.LoginTest.closebrowser(LoginTest.java:28)
at com.spade.tescases.LoginTest.closebrowser(LoginTest.java:28)
at com.spade.tescases.LoginTest.closebrowser(LoginTest.java:28)
at com.spade.tescases.LoginTest.closebrowser(LoginTest.java:28)
at com.spade.tescases.LoginTest.closebrowser(LoginTest.java:28)
at com.spade.tescases.LoginTest.closebrowser(LoginTest.java:28)
at com.spade.tescases.LoginTest.closebrowser(LoginTest.java:28)
at com.spade.tescases.LoginTest.closebrowser(LoginTest.java:28)
at com.spade.tescases.LoginTest.closebrowser(LoginTest.java:28)
at com.spade.tescases.LoginTest.closebrowser(LoginTest.java:28)
at com.spade.tescases.LoginTest.closebrowser(LoginTest.java:28)
at com.spade.tescases.LoginTest.closebrowser(LoginTest.java:28)
at com.spade.tescases.LoginTest.closebrowser(LoginTest.java:28)
at com.spade.tescases.LoginTest.closebrowser(LoginTest.java:28)
at com.spade.tescases.LoginTest.closebrowser(LoginTest.java:28)
at com.spade.tescases.LoginTest.closebrowser(LoginTest.java:28)
at com.spade.tescases.LoginTest.closebrowser(LoginTest.java:28)
at com.spade.tescases.LoginTest.closebrowser(LoginTest.java:28)
at com.spade.tescases.LoginTest.closebrowser(LoginTest.java:28)
at com.spade.tescases.LoginTest.closebrowser(LoginTest.java:28)
at com.spade.tescases.LoginTest.closebrowser(LoginTest.java:28)
at com.spade.tescases.LoginTest.closebrowser(LoginTest.java:28)
at com.spade.tescases.LoginTest.closebrowser(LoginTest.java:28)
at com.spade.tescases.LoginTest.closebrowser(LoginTest.java:28)
at com.spade.tescases.LoginTest.closebrowser(LoginTest.java:28)
at com.spade.tescases.LoginTest.closebrowser(LoginTest.java:28)
at com.spade.tescases.LoginTest.closebrowser(LoginTest.java:28)
at com.spade.tescases.LoginTest.closebrowser(LoginTest.java:28)
at com.spade.tescases.LoginTest.closebrowser(LoginTest.java:28)
at com.spade.tescases.LoginTest.closebrowser(LoginTest.java:28)
at com.spade.tescases.LoginTest.closebrowser(LoginTest.java:28)
at com.spade.tescases.LoginTest.closebrowser(LoginTest.java:28)
at com.spade.tescases.LoginTest.closebrowser(LoginTest.java:28)
at com.spade.tescases.LoginTest.closebrowser(LoginTest.java:28)
at com.spade.tescases.LoginTest.closebrowser(LoginTest.java:28)
at com.spade.tescases.LoginTest.closebrowser(LoginTest.java:28)
at com.spade.tescases.LoginTest.closebrowser(LoginTest.java:28)
at com.spade.tescases.LoginTest.closebrowser(LoginTest.java:28)
at com.spade.tescases.LoginTest.closebrowser(LoginTest.java:28)
at com.spade.tescases.LoginTest.closebrowser(LoginTest.java:28)
at com.spade.tescases.LoginTest.closebrowser(LoginTest.java:28)
at com.spade.tescases.LoginTest.closebrowser(LoginTest.java:28)
at com.spade.tescases.LoginTest.closebrowser(LoginTest.java:28)
at com.spade.tescases.LoginTest.closebrowser(LoginTest.java:28)
at com.spade.tescases.LoginTest.closebrowser(LoginTest.java:28)
at com.spade.tescases.LoginTest.closebrowser(LoginTest.java:28)
at com.spade.tescases.LoginTest.closebrowser(LoginTest.java:28)
at com.spade.tescases.LoginTest.closebrowser(LoginTest.java:28)
at com.spade.tescases.LoginTest.closebrowser(LoginTest.java:28)
at com.spade.tescases.LoginTest.closebrowser(LoginTest.java:28)
at com.spade.tescases.LoginTest.closebrowser(LoginTest.java:28)
at com.spade.tescases.LoginTest.closebrowser(LoginTest.java:28)
at com.spade.tescases.LoginTest.closebrowser(LoginTest.java:28)
at com.spade.tescases.LoginTest.closebrowser(LoginTest.java:28)
at com.spade.tescases.LoginTest.closebrowser(LoginTest.java:28)
at com.spade.tescases.LoginTest.closebrowser(LoginTest.java:28)
at com.spade.tescases.LoginTest.closebrowser(LoginTest.java:28)
at com.spade.tescases.LoginTest.closebrowser(LoginTest.java:28)
at com.spade.tescases.LoginTest.closebrowser(LoginTest.java:28)
at com.spade.tescases.LoginTest.closebrowser(LoginTest.java:28)
at com.spade.tescases.LoginTest.closebrowser(LoginTest.java:28)
at com.spade.tescases.LoginTest.closebrowser(LoginTest.java:28)
at com.spade.tescases.LoginTest.closebrowser(LoginTest.java:28)
at com.spade.tescases.LoginTest.closebrowser(LoginTest.java:28)
at com.spade.tescases.LoginTest.closebrowser(LoginTest.java:28)
at com.spade.tescases.LoginTest.closebrowser(LoginTest.java:28)
at com.spade.tescases.LoginTest.closebrowser(LoginTest.java:28)
at com.spade.tescases.LoginTest.closebrowser(LoginTest.java:28)
at com.spade.tescases.LoginTest.closebrowser(LoginTest.java:28)
at com.spade.tescases.LoginTest.closebrowser(LoginTest.java:28)
at com.spade.tescases.LoginTest.closebrowser(LoginTest.java:28)
at com.spade.tescases.LoginTest.closebrowser(LoginTest.java:28)
at com.spade.tescases.LoginTest.closebrowser(LoginTest.java:28)
at com.spade.tescases.LoginTest.closebrowser(LoginTest.java:28)
at com.spade.tescases.LoginTest.closebrowser(LoginTest.java:28)
at com.spade.tescases.LoginTest.closebrowser(LoginTest.java:28)
]]>
    </failure>
  </testcase> <!-- @AfterMethod closebrowser -->
  <testcase name="@BeforeMethod login" time="0.0" classname="com.spade.tescases.LoginTest">
    <skipped/>
  </testcase> <!-- @BeforeMethod login -->
  <testcase name="@AfterMethod closebrowser" time="0.0" classname="com.spade.tescases.LoginTest">
    <skipped/>
  </testcase> <!-- @AfterMethod closebrowser -->
  <testcase name="@BeforeMethod login" time="0.0" classname="com.spade.tescases.LoginTest">
    <skipped/>
  </testcase> <!-- @BeforeMethod login -->
  <testcase name="@AfterMethod closebrowser" time="0.0" classname="com.spade.tescases.LoginTest">
    <skipped/>
  </testcase> <!-- @AfterMethod closebrowser -->
  <testcase name="@AfterMethod closebrowser" time="0.003" classname="com.spade.tescases.RegistrationTest">
    <failure type="java.lang.StackOverflowError">
      <![CDATA[java.lang.StackOverflowError
at com.spade.tescases.RegistrationTest.closebrowser(RegistrationTest.java:19)
at com.spade.tescases.RegistrationTest.closebrowser(RegistrationTest.java:19)
at com.spade.tescases.RegistrationTest.closebrowser(RegistrationTest.java:19)
at com.spade.tescases.RegistrationTest.closebrowser(RegistrationTest.java:19)
at com.spade.tescases.RegistrationTest.closebrowser(RegistrationTest.java:19)
at com.spade.tescases.RegistrationTest.closebrowser(RegistrationTest.java:19)
at com.spade.tescases.RegistrationTest.closebrowser(RegistrationTest.java:19)
at com.spade.tescases.RegistrationTest.closebrowser(RegistrationTest.java:19)
at com.spade.tescases.RegistrationTest.closebrowser(RegistrationTest.java:19)
at com.spade.tescases.RegistrationTest.closebrowser(RegistrationTest.java:19)
at com.spade.tescases.RegistrationTest.closebrowser(RegistrationTest.java:19)
at com.spade.tescases.RegistrationTest.closebrowser(RegistrationTest.java:19)
at com.spade.tescases.RegistrationTest.closebrowser(RegistrationTest.java:19)
at com.spade.tescases.RegistrationTest.closebrowser(RegistrationTest.java:19)
at com.spade.tescases.RegistrationTest.closebrowser(RegistrationTest.java:19)
at com.spade.tescases.RegistrationTest.closebrowser(RegistrationTest.java:19)
at com.spade.tescases.RegistrationTest.closebrowser(RegistrationTest.java:19)
at com.spade.tescases.RegistrationTest.closebrowser(RegistrationTest.java:19)
at com.spade.tescases.RegistrationTest.closebrowser(RegistrationTest.java:19)
at com.spade.tescases.RegistrationTest.closebrowser(RegistrationTest.java:19)
at com.spade.tescases.RegistrationTest.closebrowser(RegistrationTest.java:19)
at com.spade.tescases.RegistrationTest.closebrowser(RegistrationTest.java:19)
at com.spade.tescases.RegistrationTest.closebrowser(RegistrationTest.java:19)
at com.spade.tescases.RegistrationTest.closebrowser(RegistrationTest.java:19)
at com.spade.tescases.RegistrationTest.closebrowser(RegistrationTest.java:19)
at com.spade.tescases.RegistrationTest.closebrowser(RegistrationTest.java:19)
at com.spade.tescases.RegistrationTest.closebrowser(RegistrationTest.java:19)
at com.spade.tescases.RegistrationTest.closebrowser(RegistrationTest.java:19)
at com.spade.tescases.RegistrationTest.closebrowser(RegistrationTest.java:19)
at com.spade.tescases.RegistrationTest.closebrowser(RegistrationTest.java:19)
at com.spade.tescases.RegistrationTest.closebrowser(RegistrationTest.java:19)
at com.spade.tescases.RegistrationTest.closebrowser(RegistrationTest.java:19)
at com.spade.tescases.RegistrationTest.closebrowser(RegistrationTest.java:19)
at com.spade.tescases.RegistrationTest.closebrowser(RegistrationTest.java:19)
at com.spade.tescases.RegistrationTest.closebrowser(RegistrationTest.java:19)
at com.spade.tescases.RegistrationTest.closebrowser(RegistrationTest.java:19)
at com.spade.tescases.RegistrationTest.closebrowser(RegistrationTest.java:19)
at com.spade.tescases.RegistrationTest.closebrowser(RegistrationTest.java:19)
at com.spade.tescases.RegistrationTest.closebrowser(RegistrationTest.java:19)
at com.spade.tescases.RegistrationTest.closebrowser(RegistrationTest.java:19)
at com.spade.tescases.RegistrationTest.closebrowser(RegistrationTest.java:19)
at com.spade.tescases.RegistrationTest.closebrowser(RegistrationTest.java:19)
at com.spade.tescases.RegistrationTest.closebrowser(RegistrationTest.java:19)
at com.spade.tescases.RegistrationTest.closebrowser(RegistrationTest.java:19)
at com.spade.tescases.RegistrationTest.closebrowser(RegistrationTest.java:19)
at com.spade.tescases.RegistrationTest.closebrowser(RegistrationTest.java:19)
at com.spade.tescases.RegistrationTest.closebrowser(RegistrationTest.java:19)
at com.spade.tescases.RegistrationTest.closebrowser(RegistrationTest.java:19)
at com.spade.tescases.RegistrationTest.closebrowser(RegistrationTest.java:19)
at com.spade.tescases.RegistrationTest.closebrowser(RegistrationTest.java:19)
at com.spade.tescases.RegistrationTest.closebrowser(RegistrationTest.java:19)
at com.spade.tescases.RegistrationTest.closebrowser(RegistrationTest.java:19)
at com.spade.tescases.RegistrationTest.closebrowser(RegistrationTest.java:19)
at com.spade.tescases.RegistrationTest.closebrowser(RegistrationTest.java:19)
at com.spade.tescases.RegistrationTest.closebrowser(RegistrationTest.java:19)
at com.spade.tescases.RegistrationTest.closebrowser(RegistrationTest.java:19)
at com.spade.tescases.RegistrationTest.closebrowser(RegistrationTest.java:19)
at com.spade.tescases.RegistrationTest.closebrowser(RegistrationTest.java:19)
at com.spade.tescases.RegistrationTest.closebrowser(RegistrationTest.java:19)
at com.spade.tescases.RegistrationTest.closebrowser(RegistrationTest.java:19)
at com.spade.tescases.RegistrationTest.closebrowser(RegistrationTest.java:19)
at com.spade.tescases.RegistrationTest.closebrowser(RegistrationTest.java:19)
at com.spade.tescases.RegistrationTest.closebrowser(RegistrationTest.java:19)
at com.spade.tescases.RegistrationTest.closebrowser(RegistrationTest.java:19)
at com.spade.tescases.RegistrationTest.closebrowser(RegistrationTest.java:19)
at com.spade.tescases.RegistrationTest.closebrowser(RegistrationTest.java:19)
at com.spade.tescases.RegistrationTest.closebrowser(RegistrationTest.java:19)
at com.spade.tescases.RegistrationTest.closebrowser(RegistrationTest.java:19)
at com.spade.tescases.RegistrationTest.closebrowser(RegistrationTest.java:19)
at com.spade.tescases.RegistrationTest.closebrowser(RegistrationTest.java:19)
at com.spade.tescases.RegistrationTest.closebrowser(RegistrationTest.java:19)
at com.spade.tescases.RegistrationTest.closebrowser(RegistrationTest.java:19)
at com.spade.tescases.RegistrationTest.closebrowser(RegistrationTest.java:19)
at com.spade.tescases.RegistrationTest.closebrowser(RegistrationTest.java:19)
at com.spade.tescases.RegistrationTest.closebrowser(RegistrationTest.java:19)
at com.spade.tescases.RegistrationTest.closebrowser(RegistrationTest.java:19)
at com.spade.tescases.RegistrationTest.closebrowser(RegistrationTest.java:19)
at com.spade.tescases.RegistrationTest.closebrowser(RegistrationTest.java:19)
at com.spade.tescases.RegistrationTest.closebrowser(RegistrationTest.java:19)
at com.spade.tescases.RegistrationTest.closebrowser(RegistrationTest.java:19)
at com.spade.tescases.RegistrationTest.closebrowser(RegistrationTest.java:19)
at com.spade.tescases.RegistrationTest.closebrowser(RegistrationTest.java:19)
at com.spade.tescases.RegistrationTest.closebrowser(RegistrationTest.java:19)
at com.spade.tescases.RegistrationTest.closebrowser(RegistrationTest.java:19)
at com.spade.tescases.RegistrationTest.closebrowser(RegistrationTest.java:19)
at com.spade.tescases.RegistrationTest.closebrowser(RegistrationTest.java:19)
at com.spade.tescases.RegistrationTest.closebrowser(RegistrationTest.java:19)
at com.spade.tescases.RegistrationTest.closebrowser(RegistrationTest.java:19)
at com.spade.tescases.RegistrationTest.closebrowser(RegistrationTest.java:19)
at com.spade.tescases.RegistrationTest.closebrowser(RegistrationTest.java:19)
at com.spade.tescases.RegistrationTest.closebrowser(RegistrationTest.java:19)
at com.spade.tescases.RegistrationTest.closebrowser(RegistrationTest.java:19)
at com.spade.tescases.RegistrationTest.closebrowser(RegistrationTest.java:19)
at com.spade.tescases.RegistrationTest.closebrowser(RegistrationTest.java:19)
at com.spade.tescases.RegistrationTest.closebrowser(RegistrationTest.java:19)
at com.spade.tescases.RegistrationTest.closebrowser(RegistrationTest.java:19)
at com.spade.tescases.RegistrationTest.closebrowser(RegistrationTest.java:19)
at com.spade.tescases.RegistrationTest.closebrowser(RegistrationTest.java:19)
at com.spade.tescases.RegistrationTest.closebrowser(RegistrationTest.java:19)
at com.spade.tescases.RegistrationTest.closebrowser(RegistrationTest.java:19)
at com.spade.tescases.RegistrationTest.closebrowser(RegistrationTest.java:19)
at com.spade.tescases.RegistrationTest.closebrowser(RegistrationTest.java:19)
at com.spade.tescases.RegistrationTest.closebrowser(RegistrationTest.java:19)
at com.spade.tescases.RegistrationTest.closebrowser(RegistrationTest.java:19)
at com.spade.tescases.RegistrationTest.closebrowser(RegistrationTest.java:19)
at com.spade.tescases.RegistrationTest.closebrowser(RegistrationTest.java:19)
at com.spade.tescases.RegistrationTest.closebrowser(RegistrationTest.java:19)
at com.spade.tescases.RegistrationTest.closebrowser(RegistrationTest.java:19)
at com.spade.tescases.RegistrationTest.closebrowser(RegistrationTest.java:19)
at com.spade.tescases.RegistrationTest.closebrowser(RegistrationTest.java:19)
at com.spade.tescases.RegistrationTest.closebrowser(RegistrationTest.java:19)
at com.spade.tescases.RegistrationTest.closebrowser(RegistrationTest.java:19)
at com.spade.tescases.RegistrationTest.closebrowser(RegistrationTest.java:19)
at com.spade.tescases.RegistrationTest.closebrowser(RegistrationTest.java:19)
at com.spade.tescases.RegistrationTest.closebrowser(RegistrationTest.java:19)
at com.spade.tescases.RegistrationTest.closebrowser(RegistrationTest.java:19)
at com.spade.tescases.RegistrationTest.closebrowser(RegistrationTest.java:19)
at com.spade.tescases.RegistrationTest.closebrowser(RegistrationTest.java:19)
at com.spade.tescases.RegistrationTest.closebrowser(RegistrationTest.java:19)
at com.spade.tescases.RegistrationTest.closebrowser(RegistrationTest.java:19)
at com.spade.tescases.RegistrationTest.closebrowser(RegistrationTest.java:19)
at com.spade.tescases.RegistrationTest.closebrowser(RegistrationTest.java:19)
at com.spade.tescases.RegistrationTest.closebrowser(RegistrationTest.java:19)
at com.spade.tescases.RegistrationTest.closebrowser(RegistrationTest.java:19)
at com.spade.tescases.RegistrationTest.closebrowser(RegistrationTest.java:19)
at com.spade.tescases.RegistrationTest.closebrowser(RegistrationTest.java:19)
at com.spade.tescases.RegistrationTest.closebrowser(RegistrationTest.java:19)
at com.spade.tescases.RegistrationTest.closebrowser(RegistrationTest.java:19)
at com.spade.tescases.RegistrationTest.closebrowser(RegistrationTest.java:19)
at com.spade.tescases.RegistrationTest.closebrowser(RegistrationTest.java:19)
at com.spade.tescases.RegistrationTest.closebrowser(RegistrationTest.java:19)
at com.spade.tescases.RegistrationTest.closebrowser(RegistrationTest.java:19)
at com.spade.tescases.RegistrationTest.closebrowser(RegistrationTest.java:19)
at com.spade.tescases.RegistrationTest.closebrowser(RegistrationTest.java:19)
at com.spade.tescases.RegistrationTest.closebrowser(RegistrationTest.java:19)
at com.spade.tescases.RegistrationTest.closebrowser(RegistrationTest.java:19)
at com.spade.tescases.RegistrationTest.closebrowser(RegistrationTest.java:19)
at com.spade.tescases.RegistrationTest.closebrowser(RegistrationTest.java:19)
at com.spade.tescases.RegistrationTest.closebrowser(RegistrationTest.java:19)
at com.spade.tescases.RegistrationTest.closebrowser(RegistrationTest.java:19)
at com.spade.tescases.RegistrationTest.closebrowser(RegistrationTest.java:19)
at com.spade.tescases.RegistrationTest.closebrowser(RegistrationTest.java:19)
at com.spade.tescases.RegistrationTest.closebrowser(RegistrationTest.java:19)
at com.spade.tescases.RegistrationTest.closebrowser(RegistrationTest.java:19)
at com.spade.tescases.RegistrationTest.closebrowser(RegistrationTest.java:19)
at com.spade.tescases.RegistrationTest.closebrowser(RegistrationTest.java:19)
at com.spade.tescases.RegistrationTest.closebrowser(RegistrationTest.java:19)
at com.spade.tescases.RegistrationTest.closebrowser(RegistrationTest.java:19)
at com.spade.tescases.RegistrationTest.closebrowser(RegistrationTest.java:19)
at com.spade.tescases.RegistrationTest.closebrowser(RegistrationTest.java:19)
at com.spade.tescases.RegistrationTest.closebrowser(RegistrationTest.java:19)
at com.spade.tescases.RegistrationTest.closebrowser(RegistrationTest.java:19)
at com.spade.tescases.RegistrationTest.closebrowser(RegistrationTest.java:19)
at com.spade.tescases.RegistrationTest.closebrowser(RegistrationTest.java:19)
at com.spade.tescases.RegistrationTest.closebrowser(RegistrationTest.java:19)
at com.spade.tescases.RegistrationTest.closebrowser(RegistrationTest.java:19)
at com.spade.tescases.RegistrationTest.closebrowser(RegistrationTest.java:19)
at com.spade.tescases.RegistrationTest.closebrowser(RegistrationTest.java:19)
at com.spade.tescases.RegistrationTest.closebrowser(RegistrationTest.java:19)
at com.spade.tescases.RegistrationTest.closebrowser(RegistrationTest.java:19)
at com.spade.tescases.RegistrationTest.closebrowser(RegistrationTest.java:19)
at com.spade.tescases.RegistrationTest.closebrowser(RegistrationTest.java:19)
at com.spade.tescases.RegistrationTest.closebrowser(RegistrationTest.java:19)
at com.spade.tescases.RegistrationTest.closebrowser(RegistrationTest.java:19)
at com.spade.tescases.RegistrationTest.closebrowser(RegistrationTest.java:19)
at com.spade.tescases.RegistrationTest.closebrowser(RegistrationTest.java:19)
at com.spade.tescases.RegistrationTest.closebrowser(RegistrationTest.java:19)
[...]
at com.spade.tescases.RegistrationTest.closebrowser(RegistrationTest.java:19)
at com.spade.tescases.RegistrationTest.closebrowser(RegistrationTest.java:19)
at com.spade.tescases.RegistrationTest.closebrowser(RegistrationTest.java:19)
at com.spade.tescases.RegistrationTest.closebrowser(RegistrationTest.java:19)
at com.spade.tescases.RegistrationTest.closebrowser(RegistrationTest.java:19)
at com.spade.tescases.RegistrationTest.closebrowser(RegistrationTest.java:19)
at com.spade.tescases.RegistrationTest.closebrowser(RegistrationTest.java:19)
at com.spade.tescases.RegistrationTest.closebrowser(RegistrationTest.java:19)
at com.spade.tescases.RegistrationTest.closebrowser(RegistrationTest.java:19)
at com.spade.tescases.RegistrationTest.closebrowser(RegistrationTest.java:19)
at com.spade.tescases.RegistrationTest.closebrowser(RegistrationTest.java:19)
at com.spade.tescases.RegistrationTest.closebrowser(RegistrationTest.java:19)
at com.spade.tescases.RegistrationTest.closebrowser(RegistrationTest.java:19)
at com.spade.tescases.RegistrationTest.closebrowser(RegistrationTest.java:19)
at com.spade.tescases.RegistrationTest.closebrowser(RegistrationTest.java:19)
at com.spade.tescases.RegistrationTest.closebrowser(RegistrationTest.java:19)
at com.spade.tescases.RegistrationTest.closebrowser(RegistrationTest.java:19)
at com.spade.tescases.RegistrationTest.closebrowser(RegistrationTest.java:19)
at com.spade.tescases.RegistrationTest.closebrowser(RegistrationTest.java:19)
at com.spade.tescases.RegistrationTest.closebrowser(RegistrationTest.java:19)
at com.spade.tescases.RegistrationTest.closebrowser(RegistrationTest.java:19)
at com.spade.tescases.RegistrationTest.closebrowser(RegistrationTest.java:19)
at com.spade.tescases.RegistrationTest.closebrowser(RegistrationTest.java:19)
at com.spade.tescases.RegistrationTest.closebrowser(RegistrationTest.java:19)
at com.spade.tescases.RegistrationTest.closebrowser(RegistrationTest.java:19)
at com.spade.tescases.RegistrationTest.closebrowser(RegistrationTest.java:19)
at com.spade.tescases.RegistrationTest.closebrowser(RegistrationTest.java:19)
at com.spade.tescases.RegistrationTest.closebrowser(RegistrationTest.java:19)
at com.spade.tescases.RegistrationTest.closebrowser(RegistrationTest.java:19)
at com.spade.tescases.RegistrationTest.closebrowser(RegistrationTest.java:19)
at com.spade.tescases.RegistrationTest.closebrowser(RegistrationTest.java:19)
at com.spade.tescases.RegistrationTest.closebrowser(RegistrationTest.java:19)
at com.spade.tescases.RegistrationTest.closebrowser(RegistrationTest.java:19)
at com.spade.tescases.RegistrationTest.closebrowser(RegistrationTest.java:19)
at com.spade.tescases.RegistrationTest.closebrowser(RegistrationTest.java:19)
at com.spade.tescases.RegistrationTest.closebrowser(RegistrationTest.java:19)
at com.spade.tescases.RegistrationTest.closebrowser(RegistrationTest.java:19)
at com.spade.tescases.RegistrationTest.closebrowser(RegistrationTest.java:19)
at com.spade.tescases.RegistrationTest.closebrowser(RegistrationTest.java:19)
at com.spade.tescases.RegistrationTest.closebrowser(RegistrationTest.java:19)
at com.spade.tescases.RegistrationTest.closebrowser(RegistrationTest.java:19)
at com.spade.tescases.RegistrationTest.closebrowser(RegistrationTest.java:19)
at com.spade.tescases.RegistrationTest.closebrowser(RegistrationTest.java:19)
at com.spade.tescases.RegistrationTest.closebrowser(RegistrationTest.java:19)
at com.spade.tescases.RegistrationTest.closebrowser(RegistrationTest.java:19)
at com.spade.tescases.RegistrationTest.closebrowser(RegistrationTest.java:19)
at com.spade.tescases.RegistrationTest.closebrowser(RegistrationTest.java:19)
at com.spade.tescases.RegistrationTest.closebrowser(RegistrationTest.java:19)
at com.spade.tescases.RegistrationTest.closebrowser(RegistrationTest.java:19)
at com.spade.tescases.RegistrationTest.closebrowser(RegistrationTest.java:19)
at com.spade.tescases.RegistrationTest.closebrowser(RegistrationTest.java:19)
at com.spade.tescases.RegistrationTest.closebrowser(RegistrationTest.java:19)
at com.spade.tescases.RegistrationTest.closebrowser(RegistrationTest.java:19)
at com.spade.tescases.RegistrationTest.closebrowser(RegistrationTest.java:19)
at com.spade.tescases.RegistrationTest.closebrowser(RegistrationTest.java:19)
at com.spade.tescases.RegistrationTest.closebrowser(RegistrationTest.java:19)
at com.spade.tescases.RegistrationTest.closebrowser(RegistrationTest.java:19)
at com.spade.tescases.RegistrationTest.closebrowser(RegistrationTest.java:19)
at com.spade.tescases.RegistrationTest.closebrowser(RegistrationTest.java:19)
at com.spade.tescases.RegistrationTest.closebrowser(RegistrationTest.java:19)
at com.spade.tescases.RegistrationTest.closebrowser(RegistrationTest.java:19)
at com.spade.tescases.RegistrationTest.closebrowser(RegistrationTest.java:19)
at com.spade.tescases.RegistrationTest.closebrowser(RegistrationTest.java:19)
at com.spade.tescases.RegistrationTest.closebrowser(RegistrationTest.java:19)
at com.spade.tescases.RegistrationTest.closebrowser(RegistrationTest.java:19)
at com.spade.tescases.RegistrationTest.closebrowser(RegistrationTest.java:19)
at com.spade.tescases.RegistrationTest.closebrowser(RegistrationTest.java:19)
at com.spade.tescases.RegistrationTest.closebrowser(RegistrationTest.java:19)
at com.spade.tescases.RegistrationTest.closebrowser(RegistrationTest.java:19)
at com.spade.tescases.RegistrationTest.closebrowser(RegistrationTest.java:19)
at com.spade.tescases.RegistrationTest.closebrowser(RegistrationTest.java:19)
at com.spade.tescases.RegistrationTest.closebrowser(RegistrationTest.java:19)
at com.spade.tescases.RegistrationTest.closebrowser(RegistrationTest.java:19)
at com.spade.tescases.RegistrationTest.closebrowser(RegistrationTest.java:19)
at com.spade.tescases.RegistrationTest.closebrowser(RegistrationTest.java:19)
at com.spade.tescases.RegistrationTest.closebrowser(RegistrationTest.java:19)
at com.spade.tescases.RegistrationTest.closebrowser(RegistrationTest.java:19)
at com.spade.tescases.RegistrationTest.closebrowser(RegistrationTest.java:19)
at com.spade.tescases.RegistrationTest.closebrowser(RegistrationTest.java:19)
at com.spade.tescases.RegistrationTest.closebrowser(RegistrationTest.java:19)
at com.spade.tescases.RegistrationTest.closebrowser(RegistrationTest.java:19)
at com.spade.tescases.RegistrationTest.closebrowser(RegistrationTest.java:19)
at com.spade.tescases.RegistrationTest.closebrowser(RegistrationTest.java:19)
at com.spade.tescases.RegistrationTest.closebrowser(RegistrationTest.java:19)
at com.spade.tescases.RegistrationTest.closebrowser(RegistrationTest.java:19)
at com.spade.tescases.RegistrationTest.closebrowser(RegistrationTest.java:19)
at com.spade.tescases.RegistrationTest.closebrowser(RegistrationTest.java:19)
at com.spade.tescases.RegistrationTest.closebrowser(RegistrationTest.java:19)
at com.spade.tescases.RegistrationTest.closebrowser(RegistrationTest.java:19)
at com.spade.tescases.RegistrationTest.closebrowser(RegistrationTest.java:19)
at com.spade.tescases.RegistrationTest.closebrowser(RegistrationTest.java:19)
at com.spade.tescases.RegistrationTest.closebrowser(RegistrationTest.java:19)
at com.spade.tescases.RegistrationTest.closebrowser(RegistrationTest.java:19)
at com.spade.tescases.RegistrationTest.closebrowser(RegistrationTest.java:19)
at com.spade.tescases.RegistrationTest.closebrowser(RegistrationTest.java:19)
at com.spade.tescases.RegistrationTest.closebrowser(RegistrationTest.java:19)
at com.spade.tescases.RegistrationTest.closebrowser(RegistrationTest.java:19)
at com.spade.tescases.RegistrationTest.closebrowser(RegistrationTest.java:19)
at com.spade.tescases.RegistrationTest.closebrowser(RegistrationTest.java:19)
at com.spade.tescases.RegistrationTest.closebrowser(RegistrationTest.java:19)
at com.spade.tescases.RegistrationTest.closebrowser(RegistrationTest.java:19)
at com.spade.tescases.RegistrationTest.closebrowser(RegistrationTest.java:19)
at com.spade.tescases.RegistrationTest.closebrowser(RegistrationTest.java:19)
at com.spade.tescases.RegistrationTest.closebrowser(RegistrationTest.java:19)
at com.spade.tescases.RegistrationTest.closebrowser(RegistrationTest.java:19)
at com.spade.tescases.RegistrationTest.closebrowser(RegistrationTest.java:19)
at com.spade.tescases.RegistrationTest.closebrowser(RegistrationTest.java:19)
at com.spade.tescases.RegistrationTest.closebrowser(RegistrationTest.java:19)
at com.spade.tescases.RegistrationTest.closebrowser(RegistrationTest.java:19)
at com.spade.tescases.RegistrationTest.closebrowser(RegistrationTest.java:19)
at com.spade.tescases.RegistrationTest.closebrowser(RegistrationTest.java:19)
at com.spade.tescases.RegistrationTest.closebrowser(RegistrationTest.java:19)
at com.spade.tescases.RegistrationTest.closebrowser(RegistrationTest.java:19)
at com.spade.tescases.RegistrationTest.closebrowser(RegistrationTest.java:19)
at com.spade.tescases.RegistrationTest.closebrowser(RegistrationTest.java:19)
at com.spade.tescases.RegistrationTest.closebrowser(RegistrationTest.java:19)
at com.spade.tescases.RegistrationTest.closebrowser(RegistrationTest.java:19)
at com.spade.tescases.RegistrationTest.closebrowser(RegistrationTest.java:19)
at com.spade.tescases.RegistrationTest.closebrowser(RegistrationTest.java:19)
at com.spade.tescases.RegistrationTest.closebrowser(RegistrationTest.java:19)
at com.spade.tescases.RegistrationTest.closebrowser(RegistrationTest.java:19)
at com.spade.tescases.RegistrationTest.closebrowser(RegistrationTest.java:19)
at com.spade.tescases.RegistrationTest.closebrowser(RegistrationTest.java:19)
at com.spade.tescases.RegistrationTest.closebrowser(RegistrationTest.java:19)
at com.spade.tescases.RegistrationTest.closebrowser(RegistrationTest.java:19)
at com.spade.tescases.RegistrationTest.closebrowser(RegistrationTest.java:19)
at com.spade.tescases.RegistrationTest.closebrowser(RegistrationTest.java:19)
at com.spade.tescases.RegistrationTest.closebrowser(RegistrationTest.java:19)
at com.spade.tescases.RegistrationTest.closebrowser(RegistrationTest.java:19)
at com.spade.tescases.RegistrationTest.closebrowser(RegistrationTest.java:19)
at com.spade.tescases.RegistrationTest.closebrowser(RegistrationTest.java:19)
at com.spade.tescases.RegistrationTest.closebrowser(RegistrationTest.java:19)
at com.spade.tescases.RegistrationTest.closebrowser(RegistrationTest.java:19)
at com.spade.tescases.RegistrationTest.closebrowser(RegistrationTest.java:19)
at com.spade.tescases.RegistrationTest.closebrowser(RegistrationTest.java:19)
at com.spade.tescases.RegistrationTest.closebrowser(RegistrationTest.java:19)
at com.spade.tescases.RegistrationTest.closebrowser(RegistrationTest.java:19)
at com.spade.tescases.RegistrationTest.closebrowser(RegistrationTest.java:19)
at com.spade.tescases.RegistrationTest.closebrowser(RegistrationTest.java:19)
at com.spade.tescases.RegistrationTest.closebrowser(RegistrationTest.java:19)
at com.spade.tescases.RegistrationTest.closebrowser(RegistrationTest.java:19)
at com.spade.tescases.RegistrationTest.closebrowser(RegistrationTest.java:19)
at com.spade.tescases.RegistrationTest.closebrowser(RegistrationTest.java:19)
at com.spade.tescases.RegistrationTest.closebrowser(RegistrationTest.java:19)
at com.spade.tescases.RegistrationTest.closebrowser(RegistrationTest.java:19)
at com.spade.tescases.RegistrationTest.closebrowser(RegistrationTest.java:19)
at com.spade.tescases.RegistrationTest.closebrowser(RegistrationTest.java:19)
at com.spade.tescases.RegistrationTest.closebrowser(RegistrationTest.java:19)
at com.spade.tescases.RegistrationTest.closebrowser(RegistrationTest.java:19)
at com.spade.tescases.RegistrationTest.closebrowser(RegistrationTest.java:19)
at com.spade.tescases.RegistrationTest.closebrowser(RegistrationTest.java:19)
at com.spade.tescases.RegistrationTest.closebrowser(RegistrationTest.java:19)
at com.spade.tescases.RegistrationTest.closebrowser(RegistrationTest.java:19)
at com.spade.tescases.RegistrationTest.closebrowser(RegistrationTest.java:19)
at com.spade.tescases.RegistrationTest.closebrowser(RegistrationTest.java:19)
at com.spade.tescases.RegistrationTest.closebrowser(RegistrationTest.java:19)
at com.spade.tescases.RegistrationTest.closebrowser(RegistrationTest.java:19)
at com.spade.tescases.RegistrationTest.closebrowser(RegistrationTest.java:19)
at com.spade.tescases.RegistrationTest.closebrowser(RegistrationTest.java:19)
at com.spade.tescases.RegistrationTest.closebrowser(RegistrationTest.java:19)
at com.spade.tescases.RegistrationTest.closebrowser(RegistrationTest.java:19)
at com.spade.tescases.RegistrationTest.closebrowser(RegistrationTest.java:19)
at com.spade.tescases.RegistrationTest.closebrowser(RegistrationTest.java:19)
at com.spade.tescases.RegistrationTest.closebrowser(RegistrationTest.java:19)
at com.spade.tescases.RegistrationTest.closebrowser(RegistrationTest.java:19)
at com.spade.tescases.RegistrationTest.closebrowser(RegistrationTest.java:19)
at com.spade.tescases.RegistrationTest.closebrowser(RegistrationTest.java:19)
at com.spade.tescases.RegistrationTest.closebrowser(RegistrationTest.java:19)
at com.spade.tescases.RegistrationTest.closebrowser(RegistrationTest.java:19)
at com.spade.tescases.RegistrationTest.closebrowser(RegistrationTest.java:19)
at com.spade.tescases.RegistrationTest.closebrowser(RegistrationTest.java:19)
at com.spade.tescases.RegistrationTest.closebrowser(RegistrationTest.java:19)
at com.spade.tescases.RegistrationTest.closebrowser(RegistrationTest.java:19)
at com.spade.tescases.RegistrationTest.closebrowser(RegistrationTest.java:19)
at com.spade.tescases.RegistrationTest.closebrowser(RegistrationTest.java:19)
at com.spade.tescases.RegistrationTest.closebrowser(RegistrationTest.java:19)
at com.spade.tescases.RegistrationTest.closebrowser(RegistrationTest.java:19)
at com.spade.tescases.RegistrationTest.closebrowser(RegistrationTest.java:19)
at com.spade.tescases.RegistrationTest.closebrowser(RegistrationTest.java:19)
at com.spade.tescases.RegistrationTest.closebrowser(RegistrationTest.java:19)
at com.spade.tescases.RegistrationTest.closebrowser(RegistrationTest.java:19)
at com.spade.tescases.RegistrationTest.closebrowser(RegistrationTest.java:19)
at com.spade.tescases.RegistrationTest.closebrowser(RegistrationTest.java:19)
at com.spade.tescases.RegistrationTest.closebrowser(RegistrationTest.java:19)
at com.spade.tescases.RegistrationTest.closebrowser(RegistrationTest.java:19)
at com.spade.tescases.RegistrationTest.closebrowser(RegistrationTest.java:19)
at com.spade.tescases.RegistrationTest.closebrowser(RegistrationTest.java:19)
at com.spade.tescases.RegistrationTest.closebrowser(RegistrationTest.java:19)
at com.spade.tescases.RegistrationTest.closebrowser(RegistrationTest.java:19)
at com.spade.tescases.RegistrationTest.closebrowser(RegistrationTest.java:19)
at com.spade.tescases.RegistrationTest.closebrowser(RegistrationTest.java:19)
at com.spade.tescases.RegistrationTest.closebrowser(RegistrationTest.java:19)
at com.spade.tescases.RegistrationTest.closebrowser(RegistrationTest.java:19)
at com.spade.tescases.RegistrationTest.closebrowser(RegistrationTest.java:19)
at com.spade.tescases.RegistrationTest.closebrowser(RegistrationTest.java:19)
at com.spade.tescases.RegistrationTest.closebrowser(RegistrationTest.java:19)
at com.spade.tescases.RegistrationTest.closebrowser(RegistrationTest.java:19)
at com.spade.tescases.RegistrationTest.closebrowser(RegistrationTest.java:19)
at com.spade.tescases.RegistrationTest.closebrowser(RegistrationTest.java:19)
at com.spade.tescases.RegistrationTest.closebrowser(RegistrationTest.java:19)
]]>
    </failure>
  </testcase> <!-- @AfterMethod closebrowser -->
  <testcase name="loginintotheApplication" time="1.225" classname="com.spade.tescases.LoginTest"/>
  <testcase name="verify_Homepageurl" time="0.0" classname="com.spade.tescases.LoginTest">
    <skipped/>
  </testcase> <!-- verify_Homepageurl -->
  <testcase name="verify_homepagetitle" time="0.0" classname="com.spade.tescases.LoginTest">
    <skipped/>
  </testcase> <!-- verify_homepagetitle -->
  <testcase name="ClickRegistration" time="4.164" classname="com.spade.tescases.RegistrationTest">
    <failure type="org.openqa.selenium.NoSuchElementException" message="no such element: Unable to locate element: {&amp;quot;method&amp;quot;:&amp;quot;css selector&amp;quot;,&amp;quot;selector&amp;quot;:&amp;quot;#Registration\-link&amp;quot;}
  (Session info: chrome=75.0.3770.142)
For documentation on this error, please visit: https://www.seleniumhq.org/exceptions/no_such_element.html
Build info: version: &amp;apos;3.141.59&amp;apos;, revision: &amp;apos;e82be7d358&amp;apos;, time: &amp;apos;2018-11-14T08:17:03&amp;apos;
System info: host: &amp;apos;DSIPL04&amp;apos;, ip: &amp;apos;192.168.11.24&amp;apos;, os.name: &amp;apos;Windows 10&amp;apos;, os.arch: &amp;apos;amd64&amp;apos;, os.version: &amp;apos;10.0&amp;apos;, java.version: &amp;apos;1.8.0_131&amp;apos;
Driver info: org.openqa.selenium.chrome.ChromeDriver
Capabilities {acceptInsecureCerts: false, browserName: chrome, browserVersion: 75.0.3770.142, chrome: {chromedriverVersion: 75.0.3770.8 (681f24ea911fe7..., userDataDir: C:\Users\arpit\AppData\Loca...}, goog:chromeOptions: {debuggerAddress: localhost:52627}, javascriptEnabled: true, networkConnectionEnabled: false, pageLoadStrategy: normal, platform: XP, platformName: XP, proxy: Proxy(), setWindowRect: true, strictFileInteractability: false, timeouts: {implicit: 0, pageLoad: 300000, script: 30000}, unhandledPromptBehavior: dismiss and notify}
Session ID: a249aa133c52a8128971544852f4ffee
*** Element info: {Using=id, value=Registration-link}">
      <![CDATA[org.openqa.selenium.NoSuchElementException: no such element: Unable to locate element: {"method":"css selector","selector":"#Registration\-link"}
  (Session info: chrome=75.0.3770.142)
For documentation on this error, please visit: https://www.seleniumhq.org/exceptions/no_such_element.html
Build info: version: '3.141.59', revision: 'e82be7d358', time: '2018-11-14T08:17:03'
System info: host: 'DSIPL04', ip: '192.168.11.24', os.name: 'Windows 10', os.arch: 'amd64', os.version: '10.0', java.version: '1.8.0_131'
Driver info: org.openqa.selenium.chrome.ChromeDriver
Capabilities {acceptInsecureCerts: false, browserName: chrome, browserVersion: 75.0.3770.142, chrome: {chromedriverVersion: 75.0.3770.8 (681f24ea911fe7..., userDataDir: C:\Users\arpit\AppData\Loca...}, goog:chromeOptions: {debuggerAddress: localhost:52627}, javascriptEnabled: true, networkConnectionEnabled: false, pageLoadStrategy: normal, platform: XP, platformName: XP, proxy: Proxy(), setWindowRect: true, strictFileInteractability: false, timeouts: {implicit: 0, pageLoad: 300000, script: 30000}, unhandledPromptBehavior: dismiss and notify}
Session ID: a249aa133c52a8128971544852f4ffee
*** Element info: {Using=id, value=Registration-link}
at org.openqa.selenium.remote.http.W3CHttpResponseCodec.createException(W3CHttpResponseCodec.java:187)
at org.openqa.selenium.remote.http.W3CHttpResponseCodec.decode(W3CHttpResponseCodec.java:122)
at org.openqa.selenium.remote.http.W3CHttpResponseCodec.decode(W3CHttpResponseCodec.java:49)
at org.openqa.selenium.remote.HttpCommandExecutor.execute(HttpCommandExecutor.java:158)
at org.openqa.selenium.remote.service.DriverCommandExecutor.execute(DriverCommandExecutor.java:83)
at org.openqa.selenium.remote.RemoteWebDriver.execute(RemoteWebDriver.java:552)
at org.openqa.selenium.remote.RemoteWebDriver.findElement(RemoteWebDriver.java:323)
at org.openqa.selenium.remote.RemoteWebDriver.findElementById(RemoteWebDriver.java:372)
at org.openqa.selenium.By$ById.findElement(By.java:188)
at org.openqa.selenium.remote.RemoteWebDriver.findElement(RemoteWebDriver.java:315)
at com.spade.tescases.RegistrationTest.ClickRegistration(RegistrationTest.java:26)
... Removed 29 stack frames]]>
    </failure>
  </testcase> <!-- ClickRegistration -->
</testsuite> <!-- motor Application Test Automation  Test Cases -->
